# JRE version: OpenJDK Runtime Environment (8.0_242-b01) (build 1.8.0_242-release-1644-b01)
# Java VM: OpenJDK 64-Bit Server VM (25.242-b01 mixed mode windows-amd64 compressed oops)
Heap:
 PSYoungGen      total 226304K, used 40033K [0x00000000d5580000, 0x00000000e4900000, 0x0000000100000000)
  eden space 207360K, 19% used [0x00000000d5580000,0x00000000d7c98720,0x00000000e2000000)
  from space 18944K, 0% used [0x00000000e3280000,0x00000000e3280000,0x00000000e4500000)
  to   space 18944K, 0% used [0x00000000e2000000,0x00000000e2000000,0x00000000e3280000)
 ParOldGen       total 75776K, used 30282K [0x0000000080000000, 0x0000000084a00000, 0x00000000d5580000)
  object space 75776K, 39% used [0x0000000080000000,0x0000000081d92ae8,0x0000000084a00000)
 Metaspace       used 59455K, capacity 61888K, committed 62168K, reserved 1103872K
  class space    used 8216K, capacity 8699K, committed 8704K, reserved 1048576K
GC Heap History (10 events):
Event: 9.026 GC heap before
{Heap before GC invocations=11 (full 2):
 PSYoungGen      total 131072K, used 10728K [0x00000000d5580000, 0x00000000e0d00000, 0x0000000100000000)
  eden space 120320K, 0% used [0x00000000d5580000,0x00000000d5580000,0x00000000dcb00000)
  from space 10752K, 99% used [0x00000000dcb00000,0x00000000dd57a370,0x00000000dd580000)
  to   space 12288K, 0% used [0x00000000e0100000,0x00000000e0100000,0x00000000e0d00000)
 ParOldGen       total 49152K, used 8408K [0x0000000080000000, 0x0000000083000000, 0x00000000d5580000)
  object space 49152K, 17% used [0x0000000080000000,0x00000000808363c8,0x0000000083000000)
 Metaspace       used 34246K, capacity 35392K, committed 35416K, reserved 1079296K
  class space    used 4720K, capacity 4973K, committed 4992K, reserved 1048576K
Event: 9.095 GC heap after
Heap after GC invocations=11 (full 2):
 PSYoungGen      total 131072K, used 0K [0x00000000d5580000, 0x00000000e0d00000, 0x0000000100000000)
  eden space 120320K, 0% used [0x00000000d5580000,0x00000000d5580000,0x00000000dcb00000)
  from space 10752K, 0% used [0x00000000dcb00000,0x00000000dcb00000,0x00000000dd580000)
  to   space 12288K, 0% used [0x00000000e0100000,0x00000000e0100000,0x00000000e0d00000)
 ParOldGen       total 75776K, used 18080K [0x0000000080000000, 0x0000000084a00000, 0x00000000d5580000)
  object space 75776K, 23% used [0x0000000080000000,0x00000000811a81d8,0x0000000084a00000)
 Metaspace       used 34246K, capacity 35392K, committed 35416K, reserved 1079296K
  class space    used 4720K, capacity 4973K, committed 4992K, reserved 1048576K
}
Event: 10.498 GC heap before
{Heap before GC invocations=12 (full 2):
 PSYoungGen      total 131072K, used 120320K [0x00000000d5580000, 0x00000000e0d00000, 0x0000000100000000)
  eden space 120320K, 100% used [0x00000000d5580000,0x00000000dcb00000,0x00000000dcb00000)
  from space 10752K, 0% used [0x00000000dcb00000,0x00000000dcb00000,0x00000000dd580000)
  to   space 12288K, 0% used [0x00000000e0100000,0x00000000e0100000,0x00000000e0d00000)
 ParOldGen       total 75776K, used 18080K [0x0000000080000000, 0x0000000084a00000, 0x00000000d5580000)
  object space 75776K, 23% used [0x0000000080000000,0x00000000811a81d8,0x0000000084a00000)
 Metaspace       used 38832K, capacity 40662K, committed 40792K, reserved 1085440K
  class space    used 5364K, capacity 5741K, committed 5760K, reserved 1048576K
Event: 10.511 GC heap after
Heap after GC invocations=12 (full 2):
 PSYoungGen      total 167936K, used 8912K [0x00000000d5580000, 0x00000000e0a00000, 0x0000000100000000)
  eden space 158720K, 0% used [0x00000000d5580000,0x00000000d5580000,0x00000000df080000)
  from space 9216K, 96% used [0x00000000e0100000,0x00000000e09b40f8,0x00000000e0a00000)
  to   space 12800K, 0% used [0x00000000df100000,0x00000000df100000,0x00000000dfd80000)
 ParOldGen       total 75776K, used 18088K [0x0000000080000000, 0x0000000084a00000, 0x00000000d5580000)
  object space 75776K, 23% used [0x0000000080000000,0x00000000811aa1d8,0x0000000084a00000)
 Metaspace       used 38832K, capacity 40662K, committed 40792K, reserved 1085440K
  class space    used 5364K, capacity 5741K, committed 5760K, reserved 1048576K
}
Event: 13.175 GC heap before
{Heap before GC invocations=13 (full 2):
 PSYoungGen      total 167936K, used 167632K [0x00000000d5580000, 0x00000000e0a00000, 0x0000000100000000)
  eden space 158720K, 100% used [0x00000000d5580000,0x00000000df080000,0x00000000df080000)
  from space 9216K, 96% used [0x00000000e0100000,0x00000000e09b40f8,0x00000000e0a00000)
  to   space 12800K, 0% used [0x00000000df100000,0x00000000df100000,0x00000000dfd80000)
 ParOldGen       total 75776K, used 18088K [0x0000000080000000, 0x0000000084a00000, 0x00000000d5580000)
  object space 75776K, 23% used [0x0000000080000000,0x00000000811aa1d8,0x0000000084a00000)
 Metaspace       used 54394K, capacity 56680K, committed 56792K, reserved 1097728K
  class space    used 7398K, capacity 7861K, committed 7936K, reserved 1048576K
Event: 13.215 GC heap after
Heap after GC invocations=13 (full 2):
 PSYoungGen      total 172032K, used 12781K [0x00000000d5580000, 0x00000000e4500000, 0x0000000100000000)
  eden space 159232K, 0% used [0x00000000d5580000,0x00000000d5580000,0x00000000df100000)
  from space 12800K, 99% used [0x00000000df100000,0x00000000dfd7b688,0x00000000dfd80000)
  to   space 18944K, 0% used [0x00000000e3280000,0x00000000e3280000,0x00000000e4500000)
 ParOldGen       total 75776K, used 30695K [0x0000000080000000, 0x0000000084a00000, 0x00000000d5580000)
  object space 75776K, 40% used [0x0000000080000000,0x0000000081df9ff0,0x0000000084a00000)
 Metaspace       used 54394K, capacity 56680K, committed 56792K, reserved 1097728K
  class space    used 7398K, capacity 7861K, committed 7936K, reserved 1048576K
}
Event: 13.693 GC heap before
{Heap before GC invocations=14 (full 2):
 PSYoungGen      total 172032K, used 46492K [0x00000000d5580000, 0x00000000e4500000, 0x0000000100000000)
  eden space 159232K, 21% used [0x00000000d5580000,0x00000000d766bd70,0x00000000df100000)
  from space 12800K, 99% used [0x00000000df100000,0x00000000dfd7b688,0x00000000dfd80000)
  to   space 18944K, 0% used [0x00000000e3280000,0x00000000e3280000,0x00000000e4500000)
 ParOldGen       total 75776K, used 30695K [0x0000000080000000, 0x0000000084a00000, 0x00000000d5580000)
  object space 75776K, 40% used [0x0000000080000000,0x0000000081df9ff0,0x0000000084a00000)
 Metaspace       used 56584K, capacity 58956K, committed 59028K, reserved 1099776K
  class space    used 7741K, capacity 8177K, committed 8192K, reserved 1048576K
Event: 13.708 GC heap after
Heap after GC invocations=14 (full 2):
 PSYoungGen      total 226304K, used 3091K [0x00000000d5580000, 0x00000000e4900000, 0x0000000100000000)
  eden space 207360K, 0% used [0x00000000d5580000,0x00000000d5580000,0x00000000e2000000)
  from space 18944K, 16% used [0x00000000e3280000,0x00000000e3584e70,0x00000000e4500000)
  to   space 18944K, 0% used [0x00000000e2000000,0x00000000e2000000,0x00000000e3280000)
 ParOldGen       total 75776K, used 40867K [0x0000000080000000, 0x0000000084a00000, 0x00000000d5580000)
  object space 75776K, 53% used [0x0000000080000000,0x00000000827e8e20,0x0000000084a00000)
 Metaspace       used 56584K, capacity 58956K, committed 59028K, reserved 1099776K
  class space    used 7741K, capacity 8177K, committed 8192K, reserved 1048576K
}
Event: 13.708 GC heap before
{Heap before GC invocations=15 (full 3):
 PSYoungGen      total 226304K, used 3091K [0x00000000d5580000, 0x00000000e4900000, 0x0000000100000000)
  eden space 207360K, 0% used [0x00000000d5580000,0x00000000d5580000,0x00000000e2000000)
  from space 18944K, 16% used [0x00000000e3280000,0x00000000e3584e70,0x00000000e4500000)
  to   space 18944K, 0% used [0x00000000e2000000,0x00000000e2000000,0x00000000e3280000)
 ParOldGen       total 75776K, used 40867K [0x0000000080000000, 0x0000000084a00000, 0x00000000d5580000)
  object space 75776K, 53% used [0x0000000080000000,0x00000000827e8e20,0x0000000084a00000)
 Metaspace       used 56584K, capacity 58956K, committed 59028K, reserved 1099776K
  class space    used 7741K, capacity 8177K, committed 8192K, reserved 1048576K
Event: 13.920 GC heap after
Heap after GC invocations=15 (full 3):
 PSYoungGen      total 226304K, used 0K [0x00000000d5580000, 0x00000000e4900000, 0x0000000100000000)
  eden space 207360K, 0% used [0x00000000d5580000,0x00000000d5580000,0x00000000e2000000)
  from space 18944K, 0% used [0x00000000e3280000,0x00000000e3280000,0x00000000e4500000)
  to   space 18944K, 0% used [0x00000000e2000000,0x00000000e2000000,0x00000000e3280000)
 ParOldGen       total 75776K, used 30282K [0x0000000080000000, 0x0000000084a00000, 0x00000000d5580000)
  object space 75776K, 39% used [0x0000000080000000,0x0000000081d92ae8,0x0000000084a00000)
 Metaspace       used 56561K, capacity 58878K, committed 59028K, reserved 1099776K
  class space    used 7734K, capacity 8164K, committed 8192K, reserved 1048576K
}

