# JRE version: OpenJDK Runtime Environment (8.0_242-b01) (build 1.8.0_242-release-1644-b01)
# Java VM: OpenJDK 64-Bit Server VM (25.242-b01 mixed mode windows-amd64 compressed oops)
Heap:
 PSYoungGen      total 220672K, used 32119K [0x00000000d5580000, 0x00000000e4b80000, 0x0000000100000000)
  eden space 201728K, 15% used [0x00000000d5580000,0x00000000d74ddd78,0x00000000e1a80000)
  from space 18944K, 0% used [0x00000000e2d00000,0x00000000e2d00000,0x00000000e3f80000)
  to   space 18944K, 0% used [0x00000000e1a80000,0x00000000e1a80000,0x00000000e2d00000)
 ParOldGen       total 78336K, used 30371K [0x0000000080000000, 0x0000000084c80000, 0x00000000d5580000)
  object space 78336K, 38% used [0x0000000080000000,0x0000000081da8f28,0x0000000084c80000)
 Metaspace       used 59066K, capacity 61482K, committed 61656K, reserved 1101824K
  class space    used 8146K, capacity 8630K, committed 8704K, reserved 1048576K
GC Heap History (10 events):
Event: 9.455 GC heap before
{Heap before GC invocations=11 (full 2):
 PSYoungGen      total 131584K, used 10223K [0x00000000d5580000, 0x00000000e0c00000, 0x0000000100000000)
  eden space 121344K, 0% used [0x00000000d5580000,0x00000000d5580000,0x00000000dcc00000)
  from space 10240K, 99% used [0x00000000dcc00000,0x00000000dd5fbed8,0x00000000dd600000)
  to   space 12288K, 0% used [0x00000000e0000000,0x00000000e0000000,0x00000000e0c00000)
 ParOldGen       total 49152K, used 9160K [0x0000000080000000, 0x0000000083000000, 0x00000000d5580000)
  object space 49152K, 18% used [0x0000000080000000,0x00000000808f20f8,0x0000000083000000)
 Metaspace       used 34249K, capacity 35392K, committed 35416K, reserved 1079296K
  class space    used 4719K, capacity 4973K, committed 4992K, reserved 1048576K
Event: 9.543 GC heap after
Heap after GC invocations=11 (full 2):
 PSYoungGen      total 131584K, used 0K [0x00000000d5580000, 0x00000000e0c00000, 0x0000000100000000)
  eden space 121344K, 0% used [0x00000000d5580000,0x00000000d5580000,0x00000000dcc00000)
  from space 10240K, 0% used [0x00000000dcc00000,0x00000000dcc00000,0x00000000dd600000)
  to   space 12288K, 0% used [0x00000000e0000000,0x00000000e0000000,0x00000000e0c00000)
 ParOldGen       total 78336K, used 18278K [0x0000000080000000, 0x0000000084c80000, 0x00000000d5580000)
  object space 78336K, 23% used [0x0000000080000000,0x00000000811d9bd8,0x0000000084c80000)
 Metaspace       used 34249K, capacity 35392K, committed 35416K, reserved 1079296K
  class space    used 4719K, capacity 4973K, committed 4992K, reserved 1048576K
}
Event: 11.156 GC heap before
{Heap before GC invocations=12 (full 2):
 PSYoungGen      total 131584K, used 121344K [0x00000000d5580000, 0x00000000e0c00000, 0x0000000100000000)
  eden space 121344K, 100% used [0x00000000d5580000,0x00000000dcc00000,0x00000000dcc00000)
  from space 10240K, 0% used [0x00000000dcc00000,0x00000000dcc00000,0x00000000dd600000)
  to   space 12288K, 0% used [0x00000000e0000000,0x00000000e0000000,0x00000000e0c00000)
 ParOldGen       total 78336K, used 18278K [0x0000000080000000, 0x0000000084c80000, 0x00000000d5580000)
  object space 78336K, 23% used [0x0000000080000000,0x00000000811d9bd8,0x0000000084c80000)
 Metaspace       used 38848K, capacity 40614K, committed 40792K, reserved 1085440K
  class space    used 5365K, capacity 5733K, committed 5760K, reserved 1048576K
Event: 11.174 GC heap after
Heap after GC invocations=12 (full 2):
 PSYoungGen      total 166400K, used 8981K [0x00000000d5580000, 0x00000000e0900000, 0x0000000100000000)
  eden space 157184K, 0% used [0x00000000d5580000,0x00000000d5580000,0x00000000def00000)
  from space 9216K, 97% used [0x00000000e0000000,0x00000000e08c56b8,0x00000000e0900000)
  to   space 12800K, 0% used [0x00000000df000000,0x00000000df000000,0x00000000dfc80000)
 ParOldGen       total 78336K, used 18286K [0x0000000080000000, 0x0000000084c80000, 0x00000000d5580000)
  object space 78336K, 23% used [0x0000000080000000,0x00000000811dbbd8,0x0000000084c80000)
 Metaspace       used 38848K, capacity 40614K, committed 40792K, reserved 1085440K
  class space    used 5365K, capacity 5733K, committed 5760K, reserved 1048576K
}
Event: 13.822 GC heap before
{Heap before GC invocations=13 (full 2):
 PSYoungGen      total 166400K, used 166165K [0x00000000d5580000, 0x00000000e0900000, 0x0000000100000000)
  eden space 157184K, 100% used [0x00000000d5580000,0x00000000def00000,0x00000000def00000)
  from space 9216K, 97% used [0x00000000e0000000,0x00000000e08c56b8,0x00000000e0900000)
  to   space 12800K, 0% used [0x00000000df000000,0x00000000df000000,0x00000000dfc80000)
 ParOldGen       total 78336K, used 18286K [0x0000000080000000, 0x0000000084c80000, 0x00000000d5580000)
  object space 78336K, 23% used [0x0000000080000000,0x00000000811dbbd8,0x0000000084c80000)
 Metaspace       used 54307K, capacity 56508K, committed 56792K, reserved 1097728K
  class space    used 7383K, capacity 7853K, committed 7936K, reserved 1048576K
Event: 13.864 GC heap after
Heap after GC invocations=13 (full 2):
 PSYoungGen      total 171008K, used 12780K [0x00000000d5580000, 0x00000000e3f80000, 0x0000000100000000)
  eden space 158208K, 0% used [0x00000000d5580000,0x00000000d5580000,0x00000000df000000)
  from space 12800K, 99% used [0x00000000df000000,0x00000000dfc7b320,0x00000000dfc80000)
  to   space 18944K, 0% used [0x00000000e2d00000,0x00000000e2d00000,0x00000000e3f80000)
 ParOldGen       total 78336K, used 30729K [0x0000000080000000, 0x0000000084c80000, 0x00000000d5580000)
  object space 78336K, 39% used [0x0000000080000000,0x0000000081e025f0,0x0000000084c80000)
 Metaspace       used 54307K, capacity 56508K, committed 56792K, reserved 1097728K
  class space    used 7383K, capacity 7853K, committed 7936K, reserved 1048576K
}
Event: 14.347 GC heap before
{Heap before GC invocations=14 (full 2):
 PSYoungGen      total 171008K, used 46431K [0x00000000d5580000, 0x00000000e3f80000, 0x0000000100000000)
  eden space 158208K, 21% used [0x00000000d5580000,0x00000000d765cc90,0x00000000df000000)
  from space 12800K, 99% used [0x00000000df000000,0x00000000dfc7b320,0x00000000dfc80000)
  to   space 18944K, 0% used [0x00000000e2d00000,0x00000000e2d00000,0x00000000e3f80000)
 ParOldGen       total 78336K, used 30729K [0x0000000080000000, 0x0000000084c80000, 0x00000000d5580000)
  object space 78336K, 39% used [0x0000000080000000,0x0000000081e025f0,0x0000000084c80000)
 Metaspace       used 56574K, capacity 58848K, committed 59028K, reserved 1099776K
  class space    used 7738K, capacity 8169K, committed 8192K, reserved 1048576K
Event: 14.384 GC heap after
Heap after GC invocations=14 (full 2):
 PSYoungGen      total 220672K, used 3187K [0x00000000d5580000, 0x00000000e4b80000, 0x0000000100000000)
  eden space 201728K, 0% used [0x00000000d5580000,0x00000000d5580000,0x00000000e1a80000)
  from space 18944K, 16% used [0x00000000e2d00000,0x00000000e301ce70,0x00000000e3f80000)
  to   space 18944K, 0% used [0x00000000e1a80000,0x00000000e1a80000,0x00000000e2d00000)
 ParOldGen       total 78336K, used 43376K [0x0000000080000000, 0x0000000084c80000, 0x00000000d5580000)
  object space 78336K, 55% used [0x0000000080000000,0x0000000082a5c2f8,0x0000000084c80000)
 Metaspace       used 56574K, capacity 58848K, committed 59028K, reserved 1099776K
  class space    used 7738K, capacity 8169K, committed 8192K, reserved 1048576K
}
Event: 14.384 GC heap before
{Heap before GC invocations=15 (full 3):
 PSYoungGen      total 220672K, used 3187K [0x00000000d5580000, 0x00000000e4b80000, 0x0000000100000000)
  eden space 201728K, 0% used [0x00000000d5580000,0x00000000d5580000,0x00000000e1a80000)
  from space 18944K, 16% used [0x00000000e2d00000,0x00000000e301ce70,0x00000000e3f80000)
  to   space 18944K, 0% used [0x00000000e1a80000,0x00000000e1a80000,0x00000000e2d00000)
 ParOldGen       total 78336K, used 43376K [0x0000000080000000, 0x0000000084c80000, 0x00000000d5580000)
  object space 78336K, 55% used [0x0000000080000000,0x0000000082a5c2f8,0x0000000084c80000)
 Metaspace       used 56574K, capacity 58848K, committed 59028K, reserved 1099776K
  class space    used 7738K, capacity 8169K, committed 8192K, reserved 1048576K
Event: 14.589 GC heap after
Heap after GC invocations=15 (full 3):
 PSYoungGen      total 220672K, used 0K [0x00000000d5580000, 0x00000000e4b80000, 0x0000000100000000)
  eden space 201728K, 0% used [0x00000000d5580000,0x00000000d5580000,0x00000000e1a80000)
  from space 18944K, 0% used [0x00000000e2d00000,0x00000000e2d00000,0x00000000e3f80000)
  to   space 18944K, 0% used [0x00000000e1a80000,0x00000000e1a80000,0x00000000e2d00000)
 ParOldGen       total 78336K, used 30371K [0x0000000080000000, 0x0000000084c80000, 0x00000000d5580000)
  object space 78336K, 38% used [0x0000000080000000,0x0000000081da8f28,0x0000000084c80000)
 Metaspace       used 56565K, capacity 58818K, committed 59028K, reserved 1099776K
  class space    used 7736K, capacity 8164K, committed 8192K, reserved 1048576K
}

