# JRE version: OpenJDK Runtime Environment (8.0_242-b01) (build 1.8.0_242-release-1644-b01)
# Java VM: OpenJDK 64-Bit Server VM (25.242-b01 mixed mode windows-amd64 compressed oops)
Heap:
 PSYoungGen      total 64000K, used 9282K [0x00000000d5580000, 0x00000000dad80000, 0x0000000100000000)
  eden space 54272K, 9% used [0x00000000d5580000,0x00000000d5aa6d78,0x00000000d8a80000)
  from space 9728K, 41% used [0x00000000d9400000,0x00000000d97e9d18,0x00000000d9d80000)
  to   space 9728K, 0% used [0x00000000d8a80000,0x00000000d8a80000,0x00000000d9400000)
 ParOldGen       total 49664K, used 13521K [0x0000000080000000, 0x0000000083080000, 0x00000000d5580000)
  object space 49664K, 27% used [0x0000000080000000,0x0000000080d34640,0x0000000083080000)
 Metaspace       used 36345K, capacity 37776K, committed 38104K, reserved 1081344K
  class space    used 4989K, capacity 5289K, committed 5376K, reserved 1048576K
GC Heap History (10 events):
Event: 11.729 GC heap before
{Heap before GC invocations=12 (full 1):
 PSYoungGen      total 46592K, used 42969K [0x00000000d5580000, 0x00000000d8d80000, 0x0000000100000000)
  eden space 37888K, 100% used [0x00000000d5580000,0x00000000d7a80000,0x00000000d7a80000)
  from space 8704K, 58% used [0x00000000d8500000,0x00000000d89f6690,0x00000000d8d80000)
  to   space 9728K, 0% used [0x00000000d7a80000,0x00000000d7a80000,0x00000000d8400000)
 ParOldGen       total 49664K, used 8207K [0x0000000080000000, 0x0000000083080000, 0x00000000d5580000)
  object space 49664K, 16% used [0x0000000080000000,0x0000000080803f60,0x0000000083080000)
 Metaspace       used 32676K, capacity 33718K, committed 33920K, reserved 1079296K
  class space    used 4457K, capacity 4723K, committed 4736K, reserved 1048576K
Event: 11.737 GC heap after
Heap after GC invocations=12 (full 1):
 PSYoungGen      total 47616K, used 3790K [0x00000000d5580000, 0x00000000d9d80000, 0x0000000100000000)
  eden space 37888K, 0% used [0x00000000d5580000,0x00000000d5580000,0x00000000d7a80000)
  from space 9728K, 38% used [0x00000000d7a80000,0x00000000d7e338c0,0x00000000d8400000)
  to   space 9728K, 0% used [0x00000000d9400000,0x00000000d9400000,0x00000000d9d80000)
 ParOldGen       total 49664K, used 11615K [0x0000000080000000, 0x0000000083080000, 0x00000000d5580000)
  object space 49664K, 23% used [0x0000000080000000,0x0000000080b57ce0,0x0000000083080000)
 Metaspace       used 32676K, capacity 33718K, committed 33920K, reserved 1079296K
  class space    used 4457K, capacity 4723K, committed 4736K, reserved 1048576K
}
Event: 12.259 GC heap before
{Heap before GC invocations=13 (full 1):
 PSYoungGen      total 47616K, used 41678K [0x00000000d5580000, 0x00000000d9d80000, 0x0000000100000000)
  eden space 37888K, 100% used [0x00000000d5580000,0x00000000d7a80000,0x00000000d7a80000)
  from space 9728K, 38% used [0x00000000d7a80000,0x00000000d7e338c0,0x00000000d8400000)
  to   space 9728K, 0% used [0x00000000d9400000,0x00000000d9400000,0x00000000d9d80000)
 ParOldGen       total 49664K, used 11615K [0x0000000080000000, 0x0000000083080000, 0x00000000d5580000)
  object space 49664K, 23% used [0x0000000080000000,0x0000000080b57ce0,0x0000000083080000)
 Metaspace       used 34212K, capacity 35328K, committed 35416K, reserved 1079296K
  class space    used 4711K, capacity 4973K, committed 4992K, reserved 1048576K
Event: 12.268 GC heap after
Heap after GC invocations=13 (full 1):
 PSYoungGen      total 64000K, used 2662K [0x00000000d5580000, 0x00000000d9e00000, 0x0000000100000000)
  eden space 54272K, 0% used [0x00000000d5580000,0x00000000d5580000,0x00000000d8a80000)
  from space 9728K, 27% used [0x00000000d9400000,0x00000000d9699b38,0x00000000d9d80000)
  to   space 9728K, 0% used [0x00000000d8a80000,0x00000000d8a80000,0x00000000d9400000)
 ParOldGen       total 49664K, used 13043K [0x0000000080000000, 0x0000000083080000, 0x00000000d5580000)
  object space 49664K, 26% used [0x0000000080000000,0x0000000080cbcd00,0x0000000083080000)
 Metaspace       used 34212K, capacity 35328K, committed 35416K, reserved 1079296K
  class space    used 4711K, capacity 4973K, committed 4992K, reserved 1048576K
}
Event: 12.350 GC heap before
{Heap before GC invocations=14 (full 1):
 PSYoungGen      total 64000K, used 4966K [0x00000000d5580000, 0x00000000d9e00000, 0x0000000100000000)
  eden space 54272K, 4% used [0x00000000d5580000,0x00000000d57c0000,0x00000000d8a80000)
  from space 9728K, 27% used [0x00000000d9400000,0x00000000d9699b38,0x00000000d9d80000)
  to   space 9728K, 0% used [0x00000000d8a80000,0x00000000d8a80000,0x00000000d9400000)
 ParOldGen       total 49664K, used 13043K [0x0000000080000000, 0x0000000083080000, 0x00000000d5580000)
  object space 49664K, 26% used [0x0000000080000000,0x0000000080cbcd00,0x0000000083080000)
 Metaspace       used 34266K, capacity 35392K, committed 35416K, reserved 1079296K
  class space    used 4719K, capacity 4973K, committed 4992K, reserved 1048576K
Event: 12.354 GC heap after
Heap after GC invocations=14 (full 1):
 PSYoungGen      total 64000K, used 192K [0x00000000d5580000, 0x00000000d9e00000, 0x0000000100000000)
  eden space 54272K, 0% used [0x00000000d5580000,0x00000000d5580000,0x00000000d8a80000)
  from space 9728K, 1% used [0x00000000d8a80000,0x00000000d8ab0000,0x00000000d9400000)
  to   space 9728K, 0% used [0x00000000d9400000,0x00000000d9400000,0x00000000d9d80000)
 ParOldGen       total 49664K, used 14267K [0x0000000080000000, 0x0000000083080000, 0x00000000d5580000)
  object space 49664K, 28% used [0x0000000080000000,0x0000000080deed00,0x0000000083080000)
 Metaspace       used 34266K, capacity 35392K, committed 35416K, reserved 1079296K
  class space    used 4719K, capacity 4973K, committed 4992K, reserved 1048576K
}
Event: 12.354 GC heap before
{Heap before GC invocations=15 (full 2):
 PSYoungGen      total 64000K, used 192K [0x00000000d5580000, 0x00000000d9e00000, 0x0000000100000000)
  eden space 54272K, 0% used [0x00000000d5580000,0x00000000d5580000,0x00000000d8a80000)
  from space 9728K, 1% used [0x00000000d8a80000,0x00000000d8ab0000,0x00000000d9400000)
  to   space 9728K, 0% used [0x00000000d9400000,0x00000000d9400000,0x00000000d9d80000)
 ParOldGen       total 49664K, used 14267K [0x0000000080000000, 0x0000000083080000, 0x00000000d5580000)
  object space 49664K, 28% used [0x0000000080000000,0x0000000080deed00,0x0000000083080000)
 Metaspace       used 34266K, capacity 35392K, committed 35416K, reserved 1079296K
  class space    used 4719K, capacity 4973K, committed 4992K, reserved 1048576K
Event: 12.453 GC heap after
Heap after GC invocations=15 (full 2):
 PSYoungGen      total 64000K, used 0K [0x00000000d5580000, 0x00000000d9e00000, 0x0000000100000000)
  eden space 54272K, 0% used [0x00000000d5580000,0x00000000d5580000,0x00000000d8a80000)
  from space 9728K, 0% used [0x00000000d8a80000,0x00000000d8a80000,0x00000000d9400000)
  to   space 9728K, 0% used [0x00000000d9400000,0x00000000d9400000,0x00000000d9d80000)
 ParOldGen       total 49664K, used 13513K [0x0000000080000000, 0x0000000083080000, 0x00000000d5580000)
  object space 49664K, 27% used [0x0000000080000000,0x0000000080d32640,0x0000000083080000)
 Metaspace       used 34266K, capacity 35392K, committed 35416K, reserved 1079296K
  class space    used 4719K, capacity 4973K, committed 4992K, reserved 1048576K
}
Event: 15.580 GC heap before
{Heap before GC invocations=16 (full 2):
 PSYoungGen      total 64000K, used 54272K [0x00000000d5580000, 0x00000000d9e00000, 0x0000000100000000)
  eden space 54272K, 100% used [0x00000000d5580000,0x00000000d8a80000,0x00000000d8a80000)
  from space 9728K, 0% used [0x00000000d8a80000,0x00000000d8a80000,0x00000000d9400000)
  to   space 9728K, 0% used [0x00000000d9400000,0x00000000d9400000,0x00000000d9d80000)
 ParOldGen       total 49664K, used 13513K [0x0000000080000000, 0x0000000083080000, 0x00000000d5580000)
  object space 49664K, 27% used [0x0000000080000000,0x0000000080d32640,0x0000000083080000)
 Metaspace       used 36304K, capacity 37712K, committed 37848K, reserved 1081344K
  class space    used 4989K, capacity 5289K, committed 5376K, reserved 1048576K
Event: 15.585 GC heap after
Heap after GC invocations=16 (full 2):
 PSYoungGen      total 64000K, used 4007K [0x00000000d5580000, 0x00000000dad80000, 0x0000000100000000)
  eden space 54272K, 0% used [0x00000000d5580000,0x00000000d5580000,0x00000000d8a80000)
  from space 9728K, 41% used [0x00000000d9400000,0x00000000d97e9d18,0x00000000d9d80000)
  to   space 9728K, 0% used [0x00000000d8a80000,0x00000000d8a80000,0x00000000d9400000)
 ParOldGen       total 49664K, used 13521K [0x0000000080000000, 0x0000000083080000, 0x00000000d5580000)
  object space 49664K, 27% used [0x0000000080000000,0x0000000080d34640,0x0000000083080000)
 Metaspace       used 36304K, capacity 37712K, committed 37848K, reserved 1081344K
  class space    used 4989K, capacity 5289K, committed 5376K, reserved 1048576K
}

