# JRE version: OpenJDK Runtime Environment (8.0_242-b01) (build 1.8.0_242-release-1644-b01)
# Java VM: OpenJDK 64-Bit Server VM (25.242-b01 mixed mode windows-amd64 compressed oops)
Heap:
 PSYoungGen      total 175616K, used 3438K [0x00000000d5580000, 0x00000000e3d00000, 0x0000000100000000)
  eden space 157184K, 0% used [0x00000000d5580000,0x00000000d5580000,0x00000000def00000)
  from space 18432K, 18% used [0x00000000e2b00000,0x00000000e2e5bae8,0x00000000e3d00000)
  to   space 12800K, 0% used [0x00000000def00000,0x00000000def00000,0x00000000dfb80000)
 ParOldGen       total 79360K, used 43085K [0x0000000080000000, 0x0000000084d80000, 0x00000000d5580000)
  object space 79360K, 54% used [0x0000000080000000,0x0000000082a13560,0x0000000084d80000)
 Metaspace       used 56532K, capacity 58836K, committed 59028K, reserved 1099776K
  class space    used 7727K, capacity 8167K, committed 8192K, reserved 1048576K
GC Heap History (10 events):
Event: 8.614 GC heap after
Heap after GC invocations=10 (full 1):
 PSYoungGen      total 131584K, used 10227K [0x00000000d5580000, 0x00000000e0900000, 0x0000000100000000)
  eden space 121344K, 0% used [0x00000000d5580000,0x00000000d5580000,0x00000000dcc00000)
  from space 10240K, 99% used [0x00000000dcc00000,0x00000000dd5fcf20,0x00000000dd600000)
  to   space 12288K, 0% used [0x00000000dfd00000,0x00000000dfd00000,0x00000000e0900000)
 ParOldGen       total 49664K, used 9141K [0x0000000080000000, 0x0000000083080000, 0x00000000d5580000)
  object space 49664K, 18% used [0x0000000080000000,0x00000000808ed730,0x0000000083080000)
 Metaspace       used 34229K, capacity 35392K, committed 35416K, reserved 1079296K
  class space    used 4710K, capacity 4973K, committed 4992K, reserved 1048576K
}
Event: 8.614 GC heap before
{Heap before GC invocations=11 (full 2):
 PSYoungGen      total 131584K, used 10227K [0x00000000d5580000, 0x00000000e0900000, 0x0000000100000000)
  eden space 121344K, 0% used [0x00000000d5580000,0x00000000d5580000,0x00000000dcc00000)
  from space 10240K, 99% used [0x00000000dcc00000,0x00000000dd5fcf20,0x00000000dd600000)
  to   space 12288K, 0% used [0x00000000dfd00000,0x00000000dfd00000,0x00000000e0900000)
 ParOldGen       total 49664K, used 9141K [0x0000000080000000, 0x0000000083080000, 0x00000000d5580000)
  object space 49664K, 18% used [0x0000000080000000,0x00000000808ed730,0x0000000083080000)
 Metaspace       used 34229K, capacity 35392K, committed 35416K, reserved 1079296K
  class space    used 4710K, capacity 4973K, committed 4992K, reserved 1048576K
Event: 8.697 GC heap after
Heap after GC invocations=11 (full 2):
 PSYoungGen      total 131584K, used 0K [0x00000000d5580000, 0x00000000e0900000, 0x0000000100000000)
  eden space 121344K, 0% used [0x00000000d5580000,0x00000000d5580000,0x00000000dcc00000)
  from space 10240K, 0% used [0x00000000dcc00000,0x00000000dcc00000,0x00000000dd600000)
  to   space 12288K, 0% used [0x00000000dfd00000,0x00000000dfd00000,0x00000000e0900000)
 ParOldGen       total 79360K, used 18275K [0x0000000080000000, 0x0000000084d80000, 0x00000000d5580000)
  object space 79360K, 23% used [0x0000000080000000,0x00000000811d8c28,0x0000000084d80000)
 Metaspace       used 34229K, capacity 35392K, committed 35416K, reserved 1079296K
  class space    used 4710K, capacity 4973K, committed 4992K, reserved 1048576K
}
Event: 10.139 GC heap before
{Heap before GC invocations=12 (full 2):
 PSYoungGen      total 131584K, used 121344K [0x00000000d5580000, 0x00000000e0900000, 0x0000000100000000)
  eden space 121344K, 100% used [0x00000000d5580000,0x00000000dcc00000,0x00000000dcc00000)
  from space 10240K, 0% used [0x00000000dcc00000,0x00000000dcc00000,0x00000000dd600000)
  to   space 12288K, 0% used [0x00000000dfd00000,0x00000000dfd00000,0x00000000e0900000)
 ParOldGen       total 79360K, used 18275K [0x0000000080000000, 0x0000000084d80000, 0x00000000d5580000)
  object space 79360K, 23% used [0x0000000080000000,0x00000000811d8c28,0x0000000084d80000)
 Metaspace       used 38789K, capacity 40538K, committed 40792K, reserved 1085440K
  class space    used 5351K, capacity 5731K, committed 5760K, reserved 1048576K
Event: 10.161 GC heap after
Heap after GC invocations=12 (full 2):
 PSYoungGen      total 168448K, used 8914K [0x00000000d5580000, 0x00000000e0800000, 0x0000000100000000)
  eden space 157184K, 0% used [0x00000000d5580000,0x00000000d5580000,0x00000000def00000)
  from space 11264K, 79% used [0x00000000dfd00000,0x00000000e05b49e8,0x00000000e0800000)
  to   space 12800K, 0% used [0x00000000def00000,0x00000000def00000,0x00000000dfb80000)
 ParOldGen       total 79360K, used 18283K [0x0000000080000000, 0x0000000084d80000, 0x00000000d5580000)
  object space 79360K, 23% used [0x0000000080000000,0x00000000811dac28,0x0000000084d80000)
 Metaspace       used 38789K, capacity 40538K, committed 40792K, reserved 1085440K
  class space    used 5351K, capacity 5731K, committed 5760K, reserved 1048576K
}
Event: 12.982 GC heap before
{Heap before GC invocations=13 (full 2):
 PSYoungGen      total 168448K, used 166098K [0x00000000d5580000, 0x00000000e0800000, 0x0000000100000000)
  eden space 157184K, 100% used [0x00000000d5580000,0x00000000def00000,0x00000000def00000)
  from space 11264K, 79% used [0x00000000dfd00000,0x00000000e05b49e8,0x00000000e0800000)
  to   space 12800K, 0% used [0x00000000def00000,0x00000000def00000,0x00000000dfb80000)
 ParOldGen       total 79360K, used 18283K [0x0000000080000000, 0x0000000084d80000, 0x00000000d5580000)
  object space 79360K, 23% used [0x0000000080000000,0x00000000811dac28,0x0000000084d80000)
 Metaspace       used 54023K, capacity 56226K, committed 56408K, reserved 1097728K
  class space    used 7333K, capacity 7807K, committed 7808K, reserved 1048576K
Event: 13.014 GC heap after
Heap after GC invocations=13 (full 2):
 PSYoungGen      total 169984K, used 12780K [0x00000000d5580000, 0x00000000e3d00000, 0x0000000100000000)
  eden space 157184K, 0% used [0x00000000d5580000,0x00000000d5580000,0x00000000def00000)
  from space 12800K, 99% used [0x00000000def00000,0x00000000dfb7b310,0x00000000dfb80000)
  to   space 18432K, 0% used [0x00000000e2b00000,0x00000000e2b00000,0x00000000e3d00000)
 ParOldGen       total 79360K, used 30421K [0x0000000080000000, 0x0000000084d80000, 0x00000000d5580000)
  object space 79360K, 38% used [0x0000000080000000,0x0000000081db54a8,0x0000000084d80000)
 Metaspace       used 54023K, capacity 56226K, committed 56408K, reserved 1097728K
  class space    used 7333K, capacity 7807K, committed 7808K, reserved 1048576K
}
Event: 13.680 GC heap before
{Heap before GC invocations=14 (full 2):
 PSYoungGen      total 169984K, used 50652K [0x00000000d5580000, 0x00000000e3d00000, 0x0000000100000000)
  eden space 157184K, 24% used [0x00000000d5580000,0x00000000d7a7bd98,0x00000000def00000)
  from space 12800K, 99% used [0x00000000def00000,0x00000000dfb7b310,0x00000000dfb80000)
  to   space 18432K, 0% used [0x00000000e2b00000,0x00000000e2b00000,0x00000000e3d00000)
 ParOldGen       total 79360K, used 30421K [0x0000000080000000, 0x0000000084d80000, 0x00000000d5580000)
  object space 79360K, 38% used [0x0000000080000000,0x0000000081db54a8,0x0000000084d80000)
 Metaspace       used 56532K, capacity 58836K, committed 59028K, reserved 1099776K
  class space    used 7727K, capacity 8167K, committed 8192K, reserved 1048576K
Event: 13.745 GC heap after
Heap after GC invocations=14 (full 2):
 PSYoungGen      total 175616K, used 3438K [0x00000000d5580000, 0x00000000e3d00000, 0x0000000100000000)
  eden space 157184K, 0% used [0x00000000d5580000,0x00000000d5580000,0x00000000def00000)
  from space 18432K, 18% used [0x00000000e2b00000,0x00000000e2e5bae8,0x00000000e3d00000)
  to   space 12800K, 0% used [0x00000000def00000,0x00000000def00000,0x00000000dfb80000)
 ParOldGen       total 79360K, used 43085K [0x0000000080000000, 0x0000000084d80000, 0x00000000d5580000)
  object space 79360K, 54% used [0x0000000080000000,0x0000000082a13560,0x0000000084d80000)
 Metaspace       used 56532K, capacity 58836K, committed 59028K, reserved 1099776K
  class space    used 7727K, capacity 8167K, committed 8192K, reserved 1048576K
}
Event: 13.745 GC heap before
{Heap before GC invocations=15 (full 3):
 PSYoungGen      total 175616K, used 3438K [0x00000000d5580000, 0x00000000e3d00000, 0x0000000100000000)
  eden space 157184K, 0% used [0x00000000d5580000,0x00000000d5580000,0x00000000def00000)
  from space 18432K, 18% used [0x00000000e2b00000,0x00000000e2e5bae8,0x00000000e3d00000)
  to   space 12800K, 0% used [0x00000000def00000,0x00000000def00000,0x00000000dfb80000)
 ParOldGen       total 79360K, used 43085K [0x0000000080000000, 0x0000000084d80000, 0x00000000d5580000)
  object space 79360K, 54% used [0x0000000080000000,0x0000000082a13560,0x0000000084d80000)
 Metaspace       used 56532K, capacity 58836K, committed 59028K, reserved 1099776K
  class space    used 7727K, capacity 8167K, committed 8192K, reserved 1048576K

