# JRE version: OpenJDK Runtime Environment (8.0_242-b01) (build 1.8.0_242-release-1644-b01)
# Java VM: OpenJDK 64-Bit Server VM (25.242-b01 mixed mode windows-amd64 compressed oops)
Heap:
 PSYoungGen      total 70656K, used 8146K [0x00000000d5580000, 0x00000000dc780000, 0x0000000100000000)
  eden space 61440K, 13% used [0x00000000d5580000,0x00000000d5d748f8,0x00000000d9180000)
  from space 9216K, 0% used [0x00000000d9c80000,0x00000000d9c80000,0x00000000da580000)
  to   space 11264K, 0% used [0x00000000d9180000,0x00000000d9180000,0x00000000d9c80000)
 ParOldGen       total 64000K, used 14767K [0x0000000080000000, 0x0000000083e80000, 0x00000000d5580000)
  object space 64000K, 23% used [0x0000000080000000,0x0000000080e6beb8,0x0000000083e80000)
 Metaspace       used 34575K, capacity 35776K, committed 36056K, reserved 1081344K
  class space    used 4740K, capacity 5041K, committed 5120K, reserved 1048576K
GC Heap History (10 events):
Event: 12.518 GC heap before
{Heap before GC invocations=8 (full 1):
 PSYoungGen      total 72704K, used 4601K [0x00000000d5580000, 0x00000000da880000, 0x0000000100000000)
  eden space 61952K, 0% used [0x00000000d5580000,0x00000000d5580000,0x00000000d9200000)
  from space 10752K, 42% used [0x00000000d9200000,0x00000000d967e5a8,0x00000000d9c80000)
  to   space 9216K, 0% used [0x00000000d9c80000,0x00000000d9c80000,0x00000000da580000)
 ParOldGen       total 84992K, used 7884K [0x0000000080000000, 0x0000000085300000, 0x00000000d5580000)
  object space 84992K, 9% used [0x0000000080000000,0x00000000807b3200,0x0000000085300000)
 Metaspace       used 20458K, capacity 21192K, committed 21248K, reserved 1075200K
  class space    used 2846K, capacity 3048K, committed 3072K, reserved 1048576K
Event: 12.585 GC heap after
Heap after GC invocations=8 (full 1):
 PSYoungGen      total 72704K, used 0K [0x00000000d5580000, 0x00000000da880000, 0x0000000100000000)
  eden space 61952K, 0% used [0x00000000d5580000,0x00000000d5580000,0x00000000d9200000)
  from space 10752K, 0% used [0x00000000d9200000,0x00000000d9200000,0x00000000d9c80000)
  to   space 9216K, 0% used [0x00000000d9c80000,0x00000000d9c80000,0x00000000da580000)
 ParOldGen       total 46080K, used 7526K [0x0000000080000000, 0x0000000082d00000, 0x00000000d5580000)
  object space 46080K, 16% used [0x0000000080000000,0x0000000080759b48,0x0000000082d00000)
 Metaspace       used 20458K, capacity 21192K, committed 21248K, reserved 1067008K
  class space    used 2846K, capacity 3048K, committed 3072K, reserved 1048576K
}
Event: 14.010 GC heap before
{Heap before GC invocations=9 (full 1):
 PSYoungGen      total 72704K, used 61952K [0x00000000d5580000, 0x00000000da880000, 0x0000000100000000)
  eden space 61952K, 100% used [0x00000000d5580000,0x00000000d9200000,0x00000000d9200000)
  from space 10752K, 0% used [0x00000000d9200000,0x00000000d9200000,0x00000000d9c80000)
  to   space 9216K, 0% used [0x00000000d9c80000,0x00000000d9c80000,0x00000000da580000)
 ParOldGen       total 46080K, used 7526K [0x0000000080000000, 0x0000000082d00000, 0x00000000d5580000)
  object space 46080K, 16% used [0x0000000080000000,0x0000000080759b48,0x0000000082d00000)
 Metaspace       used 27616K, capacity 28434K, committed 28672K, reserved 1073152K
  class space    used 3791K, capacity 4035K, committed 4096K, reserved 1048576K
Event: 14.018 GC heap after
Heap after GC invocations=9 (full 1):
 PSYoungGen      total 71168K, used 7310K [0x00000000d5580000, 0x00000000da880000, 0x0000000100000000)
  eden space 61952K, 0% used [0x00000000d5580000,0x00000000d5580000,0x00000000d9200000)
  from space 9216K, 79% used [0x00000000d9c80000,0x00000000da3a39d8,0x00000000da580000)
  to   space 10752K, 0% used [0x00000000d9200000,0x00000000d9200000,0x00000000d9c80000)
 ParOldGen       total 46080K, used 7534K [0x0000000080000000, 0x0000000082d00000, 0x00000000d5580000)
  object space 46080K, 16% used [0x0000000080000000,0x000000008075bb48,0x0000000082d00000)
 Metaspace       used 27616K, capacity 28434K, committed 28672K, reserved 1073152K
  class space    used 3791K, capacity 4035K, committed 4096K, reserved 1048576K
}
Event: 15.206 GC heap before
{Heap before GC invocations=10 (full 1):
 PSYoungGen      total 71168K, used 69262K [0x00000000d5580000, 0x00000000da880000, 0x0000000100000000)
  eden space 61952K, 100% used [0x00000000d5580000,0x00000000d9200000,0x00000000d9200000)
  from space 9216K, 79% used [0x00000000d9c80000,0x00000000da3a39d8,0x00000000da580000)
  to   space 10752K, 0% used [0x00000000d9200000,0x00000000d9200000,0x00000000d9c80000)
 ParOldGen       total 46080K, used 7534K [0x0000000080000000, 0x0000000082d00000, 0x00000000d5580000)
  object space 46080K, 16% used [0x0000000080000000,0x000000008075bb48,0x0000000082d00000)
 Metaspace       used 32671K, capacity 33764K, committed 33920K, reserved 1079296K
  class space    used 4438K, capacity 4722K, committed 4736K, reserved 1048576K
Event: 15.223 GC heap after
Heap after GC invocations=10 (full 1):
 PSYoungGen      total 72704K, used 9462K [0x00000000d5580000, 0x00000000da880000, 0x0000000100000000)
  eden space 61952K, 0% used [0x00000000d5580000,0x00000000d5580000,0x00000000d9200000)
  from space 10752K, 88% used [0x00000000d9200000,0x00000000d9b3dab0,0x00000000d9c80000)
  to   space 9216K, 0% used [0x00000000d9c80000,0x00000000d9c80000,0x00000000da580000)
 ParOldGen       total 46080K, used 7542K [0x0000000080000000, 0x0000000082d00000, 0x00000000d5580000)
  object space 46080K, 16% used [0x0000000080000000,0x000000008075db48,0x0000000082d00000)
 Metaspace       used 32671K, capacity 33764K, committed 33920K, reserved 1079296K
  class space    used 4438K, capacity 4722K, committed 4736K, reserved 1048576K
}
Event: 16.360 GC heap before
{Heap before GC invocations=11 (full 1):
 PSYoungGen      total 72704K, used 47075K [0x00000000d5580000, 0x00000000da880000, 0x0000000100000000)
  eden space 61952K, 60% used [0x00000000d5580000,0x00000000d7a3b4a8,0x00000000d9200000)
  from space 10752K, 88% used [0x00000000d9200000,0x00000000d9b3dab0,0x00000000d9c80000)
  to   space 9216K, 0% used [0x00000000d9c80000,0x00000000d9c80000,0x00000000da580000)
 ParOldGen       total 46080K, used 7542K [0x0000000080000000, 0x0000000082d00000, 0x00000000d5580000)
  object space 46080K, 16% used [0x0000000080000000,0x000000008075db48,0x0000000082d00000)
 Metaspace       used 34234K, capacity 35380K, committed 35416K, reserved 1079296K
  class space    used 4697K, capacity 4973K, committed 4992K, reserved 1048576K
Event: 16.375 GC heap after
Heap after GC invocations=11 (full 1):
 PSYoungGen      total 70656K, used 5240K [0x00000000d5580000, 0x00000000dc780000, 0x0000000100000000)
  eden space 61440K, 0% used [0x00000000d5580000,0x00000000d5580000,0x00000000d9180000)
  from space 9216K, 56% used [0x00000000d9c80000,0x00000000da19e3f0,0x00000000da580000)
  to   space 11264K, 0% used [0x00000000d9180000,0x00000000d9180000,0x00000000d9c80000)
 ParOldGen       total 46080K, used 10400K [0x0000000080000000, 0x0000000082d00000, 0x00000000d5580000)
  object space 46080K, 22% used [0x0000000080000000,0x0000000080a28118,0x0000000082d00000)
 Metaspace       used 34234K, capacity 35380K, committed 35416K, reserved 1079296K
  class space    used 4697K, capacity 4973K, committed 4992K, reserved 1048576K
}
Event: 16.375 GC heap before
{Heap before GC invocations=12 (full 2):
 PSYoungGen      total 70656K, used 5240K [0x00000000d5580000, 0x00000000dc780000, 0x0000000100000000)
  eden space 61440K, 0% used [0x00000000d5580000,0x00000000d5580000,0x00000000d9180000)
  from space 9216K, 56% used [0x00000000d9c80000,0x00000000da19e3f0,0x00000000da580000)
  to   space 11264K, 0% used [0x00000000d9180000,0x00000000d9180000,0x00000000d9c80000)
 ParOldGen       total 46080K, used 10400K [0x0000000080000000, 0x0000000082d00000, 0x00000000d5580000)
  object space 46080K, 22% used [0x0000000080000000,0x0000000080a28118,0x0000000082d00000)
 Metaspace       used 34234K, capacity 35380K, committed 35416K, reserved 1079296K
  class space    used 4697K, capacity 4973K, committed 4992K, reserved 1048576K
Event: 16.448 GC heap after
Heap after GC invocations=12 (full 2):
 PSYoungGen      total 70656K, used 0K [0x00000000d5580000, 0x00000000dc780000, 0x0000000100000000)
  eden space 61440K, 0% used [0x00000000d5580000,0x00000000d5580000,0x00000000d9180000)
  from space 9216K, 0% used [0x00000000d9c80000,0x00000000d9c80000,0x00000000da580000)
  to   space 11264K, 0% used [0x00000000d9180000,0x00000000d9180000,0x00000000d9c80000)
 ParOldGen       total 64000K, used 14767K [0x0000000080000000, 0x0000000083e80000, 0x00000000d5580000)
  object space 64000K, 23% used [0x0000000080000000,0x0000000080e6beb8,0x0000000083e80000)
 Metaspace       used 34234K, capacity 35380K, committed 35416K, reserved 1079296K
  class space    used 4697K, capacity 4973K, committed 4992K, reserved 1048576K
}

