# JRE version: OpenJDK Runtime Environment (8.0_242-b01) (build 1.8.0_242-release-1644-b01)
# Java VM: OpenJDK 64-Bit Server VM (25.242-b01 mixed mode windows-amd64 compressed oops)
Heap:
 PSYoungGen      total 249344K, used 139732K [0x00000000d5580000, 0x00000000e6f00000, 0x0000000100000000)
  eden space 228352K, 52% used [0x00000000d5580000,0x00000000dc978590,0x00000000e3480000)
  from space 20992K, 99% used [0x00000000e4f00000,0x00000000e637cc28,0x00000000e6380000)
  to   space 27136K, 0% used [0x00000000e3480000,0x00000000e3480000,0x00000000e4f00000)
 ParOldGen       total 100864K, used 46134K [0x0000000080000000, 0x0000000086280000, 0x00000000d5580000)
  object space 100864K, 45% used [0x0000000080000000,0x0000000082d0d998,0x0000000086280000)
 Metaspace       used 88317K, capacity 92644K, committed 93016K, reserved 1130496K
  class space    used 11650K, capacity 12572K, committed 12672K, reserved 1048576K
GC Heap History (10 events):
Event: 17.625 GC heap before
{Heap before GC invocations=17 (full 2):
 PSYoungGen      total 162304K, used 29659K [0x00000000d5580000, 0x00000000e1480000, 0x0000000100000000)
  eden space 149504K, 11% used [0x00000000d5580000,0x00000000d65f8ad0,0x00000000de780000)
  from space 12800K, 99% used [0x00000000df800000,0x00000000e047e358,0x00000000e0480000)
  to   space 16896K, 0% used [0x00000000de780000,0x00000000de780000,0x00000000df800000)
 ParOldGen       total 67072K, used 25460K [0x0000000080000000, 0x0000000084180000, 0x00000000d5580000)
  object space 67072K, 37% used [0x0000000080000000,0x00000000818dd098,0x0000000084180000)
 Metaspace       used 56573K, capacity 58972K, committed 59028K, reserved 1099776K
  class space    used 7437K, capacity 7910K, committed 7936K, reserved 1048576K
Event: 17.640 GC heap after
Heap after GC invocations=17 (full 2):
 PSYoungGen      total 166400K, used 2044K [0x00000000d5580000, 0x00000000e4100000, 0x0000000100000000)
  eden space 149504K, 0% used [0x00000000d5580000,0x00000000d5580000,0x00000000de780000)
  from space 16896K, 12% used [0x00000000de780000,0x00000000de97f010,0x00000000df800000)
  to   space 16896K, 0% used [0x00000000e3080000,0x00000000e3080000,0x00000000e4100000)
 ParOldGen       total 67072K, used 33358K [0x0000000080000000, 0x0000000084180000, 0x00000000d5580000)
  object space 67072K, 49% used [0x0000000080000000,0x0000000082093ad8,0x0000000084180000)
 Metaspace       used 56573K, capacity 58972K, committed 59028K, reserved 1099776K
  class space    used 7437K, capacity 7910K, committed 7936K, reserved 1048576K
}
Event: 17.640 GC heap before
{Heap before GC invocations=18 (full 3):
 PSYoungGen      total 166400K, used 2044K [0x00000000d5580000, 0x00000000e4100000, 0x0000000100000000)
  eden space 149504K, 0% used [0x00000000d5580000,0x00000000d5580000,0x00000000de780000)
  from space 16896K, 12% used [0x00000000de780000,0x00000000de97f010,0x00000000df800000)
  to   space 16896K, 0% used [0x00000000e3080000,0x00000000e3080000,0x00000000e4100000)
 ParOldGen       total 67072K, used 33358K [0x0000000080000000, 0x0000000084180000, 0x00000000d5580000)
  object space 67072K, 49% used [0x0000000080000000,0x0000000082093ad8,0x0000000084180000)
 Metaspace       used 56573K, capacity 58972K, committed 59028K, reserved 1099776K
  class space    used 7437K, capacity 7910K, committed 7936K, reserved 1048576K
Event: 17.948 GC heap after
Heap after GC invocations=18 (full 3):
 PSYoungGen      total 166400K, used 0K [0x00000000d5580000, 0x00000000e4100000, 0x0000000100000000)
  eden space 149504K, 0% used [0x00000000d5580000,0x00000000d5580000,0x00000000de780000)
  from space 16896K, 0% used [0x00000000de780000,0x00000000de780000,0x00000000df800000)
  to   space 16896K, 0% used [0x00000000e3080000,0x00000000e3080000,0x00000000e4100000)
 ParOldGen       total 100864K, used 31200K [0x0000000080000000, 0x0000000086280000, 0x00000000d5580000)
  object space 100864K, 30% used [0x0000000080000000,0x0000000081e78300,0x0000000086280000)
 Metaspace       used 56515K, capacity 58832K, committed 59028K, reserved 1099776K
  class space    used 7422K, capacity 7892K, committed 7936K, reserved 1048576K
}
Event: 21.286 GC heap before
{Heap before GC invocations=19 (full 3):
 PSYoungGen      total 166400K, used 149504K [0x00000000d5580000, 0x00000000e4100000, 0x0000000100000000)
  eden space 149504K, 100% used [0x00000000d5580000,0x00000000de780000,0x00000000de780000)
  from space 16896K, 0% used [0x00000000de780000,0x00000000de780000,0x00000000df800000)
  to   space 16896K, 0% used [0x00000000e3080000,0x00000000e3080000,0x00000000e4100000)
 ParOldGen       total 100864K, used 31200K [0x0000000080000000, 0x0000000086280000, 0x00000000d5580000)
  object space 100864K, 30% used [0x0000000080000000,0x0000000081e78300,0x0000000086280000)
 Metaspace       used 65750K, capacity 68528K, committed 68568K, reserved 1107968K
  class space    used 8887K, capacity 9448K, committed 9472K, reserved 1048576K
Event: 21.323 GC heap after
Heap after GC invocations=19 (full 3):
 PSYoungGen      total 210944K, used 13693K [0x00000000d5580000, 0x00000000e3e00000, 0x0000000100000000)
  eden space 197120K, 0% used [0x00000000d5580000,0x00000000d5580000,0x00000000e1600000)
  from space 13824K, 99% used [0x00000000e3080000,0x00000000e3ddf538,0x00000000e3e00000)
  to   space 18432K, 0% used [0x00000000e1a00000,0x00000000e1a00000,0x00000000e2c00000)
 ParOldGen       total 100864K, used 31208K [0x0000000080000000, 0x0000000086280000, 0x00000000d5580000)
  object space 100864K, 30% used [0x0000000080000000,0x0000000081e7a300,0x0000000086280000)
 Metaspace       used 65750K, capacity 68528K, committed 68568K, reserved 1107968K
  class space    used 8887K, capacity 9448K, committed 9472K, reserved 1048576K
}
Event: 26.911 GC heap before
{Heap before GC invocations=20 (full 3):
 PSYoungGen      total 210944K, used 210813K [0x00000000d5580000, 0x00000000e3e00000, 0x0000000100000000)
  eden space 197120K, 100% used [0x00000000d5580000,0x00000000e1600000,0x00000000e1600000)
  from space 13824K, 99% used [0x00000000e3080000,0x00000000e3ddf538,0x00000000e3e00000)
  to   space 18432K, 0% used [0x00000000e1a00000,0x00000000e1a00000,0x00000000e2c00000)
 ParOldGen       total 100864K, used 31208K [0x0000000080000000, 0x0000000086280000, 0x00000000d5580000)
  object space 100864K, 30% used [0x0000000080000000,0x0000000081e7a300,0x0000000086280000)
 Metaspace       used 75651K, capacity 79114K, committed 79320K, reserved 1118208K
  class space    used 10274K, capacity 10988K, committed 11008K, reserved 1048576K
Event: 26.950 GC heap after
Heap after GC invocations=20 (full 3):
 PSYoungGen      total 219648K, used 17163K [0x00000000d5580000, 0x00000000e6380000, 0x0000000100000000)
  eden space 201216K, 0% used [0x00000000d5580000,0x00000000d5580000,0x00000000e1a00000)
  from space 18432K, 93% used [0x00000000e1a00000,0x00000000e2ac2df0,0x00000000e2c00000)
  to   space 20992K, 0% used [0x00000000e4f00000,0x00000000e4f00000,0x00000000e6380000)
 ParOldGen       total 100864K, used 38426K [0x0000000080000000, 0x0000000086280000, 0x00000000d5580000)
  object space 100864K, 38% used [0x0000000080000000,0x0000000082586a08,0x0000000086280000)
 Metaspace       used 75651K, capacity 79114K, committed 79320K, reserved 1118208K
  class space    used 10274K, capacity 10988K, committed 11008K, reserved 1048576K
}
Event: 747.760 GC heap before
{Heap before GC invocations=21 (full 3):
 PSYoungGen      total 219648K, used 218379K [0x00000000d5580000, 0x00000000e6380000, 0x0000000100000000)
  eden space 201216K, 100% used [0x00000000d5580000,0x00000000e1a00000,0x00000000e1a00000)
  from space 18432K, 93% used [0x00000000e1a00000,0x00000000e2ac2df0,0x00000000e2c00000)
  to   space 20992K, 0% used [0x00000000e4f00000,0x00000000e4f00000,0x00000000e6380000)
 ParOldGen       total 100864K, used 38426K [0x0000000080000000, 0x0000000086280000, 0x00000000d5580000)
  object space 100864K, 38% used [0x0000000080000000,0x0000000082586a08,0x0000000086280000)
 Metaspace       used 87135K, capacity 91250K, committed 91480K, reserved 1128448K
  class space    used 11527K, capacity 12371K, committed 12416K, reserved 1048576K
Event: 747.850 GC heap after
Heap after GC invocations=21 (full 3):
 PSYoungGen      total 249344K, used 20979K [0x00000000d5580000, 0x00000000e6f00000, 0x0000000100000000)
  eden space 228352K, 0% used [0x00000000d5580000,0x00000000d5580000,0x00000000e3480000)
  from space 20992K, 99% used [0x00000000e4f00000,0x00000000e637cc28,0x00000000e6380000)
  to   space 27136K, 0% used [0x00000000e3480000,0x00000000e3480000,0x00000000e4f00000)
 ParOldGen       total 100864K, used 46134K [0x0000000080000000, 0x0000000086280000, 0x00000000d5580000)
  object space 100864K, 45% used [0x0000000080000000,0x0000000082d0d998,0x0000000086280000)
 Metaspace       used 87135K, capacity 91250K, committed 91480K, reserved 1128448K
  class space    used 11527K, capacity 12371K, committed 12416K, reserved 1048576K
}

