# JRE version: OpenJDK Runtime Environment (8.0_242-b01) (build 1.8.0_242-release-1644-b01)
# Java VM: OpenJDK 64-Bit Server VM (25.242-b01 mixed mode windows-amd64 compressed oops)
Heap:
 PSYoungGen      total 218624K, used 2963K [0x00000000d5580000, 0x00000000e5880000, 0x0000000100000000)
  eden space 199680K, 0% used [0x00000000d5580000,0x00000000d5580000,0x00000000e1880000)
  from space 18944K, 15% used [0x00000000e2b00000,0x00000000e2de4e70,0x00000000e3d80000)
  to   space 18944K, 0% used [0x00000000e1880000,0x00000000e1880000,0x00000000e2b00000)
 ParOldGen       total 76800K, used 43276K [0x0000000080000000, 0x0000000084b00000, 0x00000000d5580000)
  object space 76800K, 56% used [0x0000000080000000,0x0000000082a430a8,0x0000000084b00000)
 Metaspace       used 56466K, capacity 58846K, committed 58968K, reserved 1099776K
  class space    used 7719K, capacity 8202K, committed 8320K, reserved 1048576K
GC Heap History (10 events):
Event: 11.525 GC heap after
Heap after GC invocations=10 (full 1):
 PSYoungGen      total 131584K, used 10239K [0x00000000d5580000, 0x00000000e1300000, 0x0000000100000000)
  eden space 121344K, 0% used [0x00000000d5580000,0x00000000d5580000,0x00000000dcc00000)
  from space 10240K, 99% used [0x00000000dcc00000,0x00000000dd5ffcb8,0x00000000dd600000)
  to   space 12288K, 0% used [0x00000000e0700000,0x00000000e0700000,0x00000000e1300000)
 ParOldGen       total 48128K, used 9010K [0x0000000080000000, 0x0000000082f00000, 0x00000000d5580000)
  object space 48128K, 18% used [0x0000000080000000,0x00000000808cc860,0x0000000082f00000)
 Metaspace       used 34242K, capacity 35392K, committed 35416K, reserved 1079296K
  class space    used 4702K, capacity 4973K, committed 4992K, reserved 1048576K
}
Event: 11.525 GC heap before
{Heap before GC invocations=11 (full 2):
 PSYoungGen      total 131584K, used 10239K [0x00000000d5580000, 0x00000000e1300000, 0x0000000100000000)
  eden space 121344K, 0% used [0x00000000d5580000,0x00000000d5580000,0x00000000dcc00000)
  from space 10240K, 99% used [0x00000000dcc00000,0x00000000dd5ffcb8,0x00000000dd600000)
  to   space 12288K, 0% used [0x00000000e0700000,0x00000000e0700000,0x00000000e1300000)
 ParOldGen       total 48128K, used 9010K [0x0000000080000000, 0x0000000082f00000, 0x00000000d5580000)
  object space 48128K, 18% used [0x0000000080000000,0x00000000808cc860,0x0000000082f00000)
 Metaspace       used 34242K, capacity 35392K, committed 35416K, reserved 1079296K
  class space    used 4702K, capacity 4973K, committed 4992K, reserved 1048576K
Event: 11.634 GC heap after
Heap after GC invocations=11 (full 2):
 PSYoungGen      total 131584K, used 0K [0x00000000d5580000, 0x00000000e1300000, 0x0000000100000000)
  eden space 121344K, 0% used [0x00000000d5580000,0x00000000d5580000,0x00000000dcc00000)
  from space 10240K, 0% used [0x00000000dcc00000,0x00000000dcc00000,0x00000000dd600000)
  to   space 12288K, 0% used [0x00000000e0700000,0x00000000e0700000,0x00000000e1300000)
 ParOldGen       total 76800K, used 18222K [0x0000000080000000, 0x0000000084b00000, 0x00000000d5580000)
  object space 76800K, 23% used [0x0000000080000000,0x00000000811cb818,0x0000000084b00000)
 Metaspace       used 34242K, capacity 35392K, committed 35416K, reserved 1079296K
  class space    used 4702K, capacity 4973K, committed 4992K, reserved 1048576K
}
Event: 14.368 GC heap before
{Heap before GC invocations=12 (full 2):
 PSYoungGen      total 131584K, used 121344K [0x00000000d5580000, 0x00000000e1300000, 0x0000000100000000)
  eden space 121344K, 100% used [0x00000000d5580000,0x00000000dcc00000,0x00000000dcc00000)
  from space 10240K, 0% used [0x00000000dcc00000,0x00000000dcc00000,0x00000000dd600000)
  to   space 12288K, 0% used [0x00000000e0700000,0x00000000e0700000,0x00000000e1300000)
 ParOldGen       total 76800K, used 18222K [0x0000000080000000, 0x0000000084b00000, 0x00000000d5580000)
  object space 76800K, 23% used [0x0000000080000000,0x00000000811cb818,0x0000000084b00000)
 Metaspace       used 38901K, capacity 40656K, committed 40792K, reserved 1085440K
  class space    used 5358K, capacity 5740K, committed 5760K, reserved 1048576K
Event: 14.391 GC heap after
Heap after GC invocations=12 (full 2):
 PSYoungGen      total 165888K, used 9053K [0x00000000d5580000, 0x00000000e1000000, 0x0000000100000000)
  eden space 156672K, 0% used [0x00000000d5580000,0x00000000d5580000,0x00000000dee80000)
  from space 9216K, 98% used [0x00000000e0700000,0x00000000e0fd7450,0x00000000e1000000)
  to   space 12800K, 0% used [0x00000000df700000,0x00000000df700000,0x00000000e0380000)
 ParOldGen       total 76800K, used 18230K [0x0000000080000000, 0x0000000084b00000, 0x00000000d5580000)
  object space 76800K, 23% used [0x0000000080000000,0x00000000811cd818,0x0000000084b00000)
 Metaspace       used 38901K, capacity 40656K, committed 40792K, reserved 1085440K
  class space    used 5358K, capacity 5740K, committed 5760K, reserved 1048576K
}
Event: 17.679 GC heap before
{Heap before GC invocations=13 (full 2):
 PSYoungGen      total 165888K, used 165725K [0x00000000d5580000, 0x00000000e1000000, 0x0000000100000000)
  eden space 156672K, 100% used [0x00000000d5580000,0x00000000dee80000,0x00000000dee80000)
  from space 9216K, 98% used [0x00000000e0700000,0x00000000e0fd7450,0x00000000e1000000)
  to   space 12800K, 0% used [0x00000000df700000,0x00000000df700000,0x00000000e0380000)
 ParOldGen       total 76800K, used 18230K [0x0000000080000000, 0x0000000084b00000, 0x00000000d5580000)
  object space 76800K, 23% used [0x0000000080000000,0x00000000811cd818,0x0000000084b00000)
 Metaspace       used 54352K, capacity 56618K, committed 56792K, reserved 1097728K
  class space    used 7386K, capacity 7860K, committed 7936K, reserved 1048576K
Event: 17.719 GC heap after
Heap after GC invocations=13 (full 2):
 PSYoungGen      total 178176K, used 12780K [0x00000000d5580000, 0x00000000e3d80000, 0x0000000100000000)
  eden space 165376K, 0% used [0x00000000d5580000,0x00000000d5580000,0x00000000df700000)
  from space 12800K, 99% used [0x00000000df700000,0x00000000e037b300,0x00000000e0380000)
  to   space 18944K, 0% used [0x00000000e2b00000,0x00000000e2b00000,0x00000000e3d80000)
 ParOldGen       total 76800K, used 30603K [0x0000000080000000, 0x0000000084b00000, 0x00000000d5580000)
  object space 76800K, 39% used [0x0000000080000000,0x0000000081de2c98,0x0000000084b00000)
 Metaspace       used 54352K, capacity 56618K, committed 56792K, reserved 1097728K
  class space    used 7386K, capacity 7860K, committed 7936K, reserved 1048576K
}
Event: 18.203 GC heap before
{Heap before GC invocations=14 (full 2):
 PSYoungGen      total 178176K, used 44855K [0x00000000d5580000, 0x00000000e3d80000, 0x0000000100000000)
  eden space 165376K, 19% used [0x00000000d5580000,0x00000000d74d2cc8,0x00000000df700000)
  from space 12800K, 99% used [0x00000000df700000,0x00000000e037b300,0x00000000e0380000)
  to   space 18944K, 0% used [0x00000000e2b00000,0x00000000e2b00000,0x00000000e3d80000)
 ParOldGen       total 76800K, used 30603K [0x0000000080000000, 0x0000000084b00000, 0x00000000d5580000)
  object space 76800K, 39% used [0x0000000080000000,0x0000000081de2c98,0x0000000084b00000)
 Metaspace       used 56466K, capacity 58846K, committed 58968K, reserved 1099776K
  class space    used 7719K, capacity 8202K, committed 8320K, reserved 1048576K
Event: 18.249 GC heap after
Heap after GC invocations=14 (full 2):
 PSYoungGen      total 218624K, used 2963K [0x00000000d5580000, 0x00000000e5880000, 0x0000000100000000)
  eden space 199680K, 0% used [0x00000000d5580000,0x00000000d5580000,0x00000000e1880000)
  from space 18944K, 15% used [0x00000000e2b00000,0x00000000e2de4e70,0x00000000e3d80000)
  to   space 18944K, 0% used [0x00000000e1880000,0x00000000e1880000,0x00000000e2b00000)
 ParOldGen       total 76800K, used 43276K [0x0000000080000000, 0x0000000084b00000, 0x00000000d5580000)
  object space 76800K, 56% used [0x0000000080000000,0x0000000082a430a8,0x0000000084b00000)
 Metaspace       used 56466K, capacity 58846K, committed 58968K, reserved 1099776K
  class space    used 7719K, capacity 8202K, committed 8320K, reserved 1048576K
}
Event: 18.249 GC heap before
{Heap before GC invocations=15 (full 3):
 PSYoungGen      total 218624K, used 2963K [0x00000000d5580000, 0x00000000e5880000, 0x0000000100000000)
  eden space 199680K, 0% used [0x00000000d5580000,0x00000000d5580000,0x00000000e1880000)
  from space 18944K, 15% used [0x00000000e2b00000,0x00000000e2de4e70,0x00000000e3d80000)
  to   space 18944K, 0% used [0x00000000e1880000,0x00000000e1880000,0x00000000e2b00000)
 ParOldGen       total 76800K, used 43276K [0x0000000080000000, 0x0000000084b00000, 0x00000000d5580000)
  object space 76800K, 56% used [0x0000000080000000,0x0000000082a430a8,0x0000000084b00000)
 Metaspace       used 56466K, capacity 58846K, committed 58968K, reserved 1099776K
  class space    used 7719K, capacity 8202K, committed 8320K, reserved 1048576K

