# JRE version: OpenJDK Runtime Environment (8.0_242-b01) (build 1.8.0_242-release-1644-b01)
# Java VM: OpenJDK 64-Bit Server VM (25.242-b01 mixed mode windows-amd64 compressed oops)
Heap:
 PSYoungGen      total 312832K, used 50305K [0x00000000d5580000, 0x00000000ea200000, 0x0000000100000000)
  eden space 295424K, 17% used [0x00000000d5580000,0x00000000d86a0718,0x00000000e7600000)
  from space 17408K, 0% used [0x00000000e8d80000,0x00000000e8d80000,0x00000000e9e80000)
  to   space 22528K, 0% used [0x00000000e7600000,0x00000000e7600000,0x00000000e8c00000)
 ParOldGen       total 113664K, used 35695K [0x0000000080000000, 0x0000000086f00000, 0x00000000d5580000)
  object space 113664K, 31% used [0x0000000080000000,0x00000000822dbc28,0x0000000086f00000)
 Metaspace       used 60095K, capacity 62604K, committed 62848K, reserved 1103872K
  class space    used 8309K, capacity 8811K, committed 8832K, reserved 1048576K
GC Heap History (10 events):
Event: 19.680 GC heap before
{Heap before GC invocations=9 (full 1):
 PSYoungGen      total 138240K, used 48131K [0x00000000d5580000, 0x00000000e5080000, 0x0000000100000000)
  eden space 126976K, 29% used [0x00000000d5580000,0x00000000d79851a8,0x00000000dd180000)
  from space 11264K, 99% used [0x00000000dd180000,0x00000000ddc7bb30,0x00000000ddc80000)
  to   space 14336K, 0% used [0x00000000e4280000,0x00000000e4280000,0x00000000e5080000)
 ParOldGen       total 55296K, used 14560K [0x0000000080000000, 0x0000000083600000, 0x00000000d5580000)
  object space 55296K, 26% used [0x0000000080000000,0x0000000080e382a0,0x0000000083600000)
 Metaspace       used 34217K, capacity 35392K, committed 35416K, reserved 1079296K
  class space    used 4700K, capacity 4973K, committed 4992K, reserved 1048576K
Event: 19.716 GC heap after
Heap after GC invocations=9 (full 1):
 PSYoungGen      total 237568K, used 8054K [0x00000000d5580000, 0x00000000e4d80000, 0x0000000100000000)
  eden space 226304K, 0% used [0x00000000d5580000,0x00000000d5580000,0x00000000e3280000)
  from space 11264K, 71% used [0x00000000e4280000,0x00000000e4a5db48,0x00000000e4d80000)
  to   space 13824K, 0% used [0x00000000e3280000,0x00000000e3280000,0x00000000e4000000)
 ParOldGen       total 55296K, used 14568K [0x0000000080000000, 0x0000000083600000, 0x00000000d5580000)
  object space 55296K, 26% used [0x0000000080000000,0x0000000080e3a2a0,0x0000000083600000)
 Metaspace       used 34217K, capacity 35392K, committed 35416K, reserved 1079296K
  class space    used 4700K, capacity 4973K, committed 4992K, reserved 1048576K
}
Event: 19.716 GC heap before
{Heap before GC invocations=10 (full 2):
 PSYoungGen      total 237568K, used 8054K [0x00000000d5580000, 0x00000000e4d80000, 0x0000000100000000)
  eden space 226304K, 0% used [0x00000000d5580000,0x00000000d5580000,0x00000000e3280000)
  from space 11264K, 71% used [0x00000000e4280000,0x00000000e4a5db48,0x00000000e4d80000)
  to   space 13824K, 0% used [0x00000000e3280000,0x00000000e3280000,0x00000000e4000000)
 ParOldGen       total 55296K, used 14568K [0x0000000080000000, 0x0000000083600000, 0x00000000d5580000)
  object space 55296K, 26% used [0x0000000080000000,0x0000000080e3a2a0,0x0000000083600000)
 Metaspace       used 34217K, capacity 35392K, committed 35416K, reserved 1079296K
  class space    used 4700K, capacity 4973K, committed 4992K, reserved 1048576K
Event: 19.954 GC heap after
Heap after GC invocations=10 (full 2):
 PSYoungGen      total 237568K, used 0K [0x00000000d5580000, 0x00000000e4d80000, 0x0000000100000000)
  eden space 226304K, 0% used [0x00000000d5580000,0x00000000d5580000,0x00000000e3280000)
  from space 11264K, 0% used [0x00000000e4280000,0x00000000e4280000,0x00000000e4d80000)
  to   space 13824K, 0% used [0x00000000e3280000,0x00000000e3280000,0x00000000e4000000)
 ParOldGen       total 72704K, used 14695K [0x0000000080000000, 0x0000000084700000, 0x00000000d5580000)
  object space 72704K, 20% used [0x0000000080000000,0x0000000080e59c00,0x0000000084700000)
 Metaspace       used 34217K, capacity 35392K, committed 35416K, reserved 1079296K
  class space    used 4700K, capacity 4973K, committed 4992K, reserved 1048576K
}
Event: 27.570 GC heap before
{Heap before GC invocations=11 (full 2):
 PSYoungGen      total 237568K, used 226304K [0x00000000d5580000, 0x00000000e4d80000, 0x0000000100000000)
  eden space 226304K, 100% used [0x00000000d5580000,0x00000000e3280000,0x00000000e3280000)
  from space 11264K, 0% used [0x00000000e4280000,0x00000000e4280000,0x00000000e4d80000)
  to   space 13824K, 0% used [0x00000000e3280000,0x00000000e3280000,0x00000000e4000000)
 ParOldGen       total 72704K, used 14695K [0x0000000080000000, 0x0000000084700000, 0x00000000d5580000)
  object space 72704K, 20% used [0x0000000080000000,0x0000000080e59c00,0x0000000084700000)
 Metaspace       used 46967K, capacity 48822K, committed 49024K, reserved 1091584K
  class space    used 6340K, capacity 6711K, committed 6784K, reserved 1048576K
Event: 27.659 GC heap after
Heap after GC invocations=11 (full 2):
 PSYoungGen      total 240128K, used 13801K [0x00000000d5580000, 0x00000000e9e80000, 0x0000000100000000)
  eden space 226304K, 0% used [0x00000000d5580000,0x00000000d5580000,0x00000000e3280000)
  from space 13824K, 99% used [0x00000000e3280000,0x00000000e3ffa4c0,0x00000000e4000000)
  to   space 17408K, 0% used [0x00000000e8d80000,0x00000000e8d80000,0x00000000e9e80000)
 ParOldGen       total 72704K, used 19917K [0x0000000080000000, 0x0000000084700000, 0x00000000d5580000)
  object space 72704K, 27% used [0x0000000080000000,0x0000000081373708,0x0000000084700000)
 Metaspace       used 46967K, capacity 48822K, committed 49024K, reserved 1091584K
  class space    used 6340K, capacity 6711K, committed 6784K, reserved 1048576K
}
Event: 36.106 GC heap before
{Heap before GC invocations=12 (full 2):
 PSYoungGen      total 240128K, used 133460K [0x00000000d5580000, 0x00000000e9e80000, 0x0000000100000000)
  eden space 226304K, 52% used [0x00000000d5580000,0x00000000dca5acf0,0x00000000e3280000)
  from space 13824K, 99% used [0x00000000e3280000,0x00000000e3ffa4c0,0x00000000e4000000)
  to   space 17408K, 0% used [0x00000000e8d80000,0x00000000e8d80000,0x00000000e9e80000)
 ParOldGen       total 72704K, used 19917K [0x0000000080000000, 0x0000000084700000, 0x00000000d5580000)
  object space 72704K, 27% used [0x0000000080000000,0x0000000081373708,0x0000000084700000)
 Metaspace       used 56654K, capacity 58958K, committed 59028K, reserved 1099776K
  class space    used 7739K, capacity 8164K, committed 8192K, reserved 1048576K
Event: 36.165 GC heap after
Heap after GC invocations=12 (full 2):
 PSYoungGen      total 312832K, used 17401K [0x00000000d5580000, 0x00000000ea200000, 0x0000000100000000)
  eden space 295424K, 0% used [0x00000000d5580000,0x00000000d5580000,0x00000000e7600000)
  from space 17408K, 99% used [0x00000000e8d80000,0x00000000e9e7e688,0x00000000e9e80000)
  to   space 22528K, 0% used [0x00000000e7600000,0x00000000e7600000,0x00000000e8c00000)
 ParOldGen       total 72704K, used 26176K [0x0000000080000000, 0x0000000084700000, 0x00000000d5580000)
  object space 72704K, 36% used [0x0000000080000000,0x00000000819903e8,0x0000000084700000)
 Metaspace       used 56654K, capacity 58958K, committed 59028K, reserved 1099776K
  class space    used 7739K, capacity 8164K, committed 8192K, reserved 1048576K
}
Event: 36.165 GC heap before
{Heap before GC invocations=13 (full 3):
 PSYoungGen      total 312832K, used 17401K [0x00000000d5580000, 0x00000000ea200000, 0x0000000100000000)
  eden space 295424K, 0% used [0x00000000d5580000,0x00000000d5580000,0x00000000e7600000)
  from space 17408K, 99% used [0x00000000e8d80000,0x00000000e9e7e688,0x00000000e9e80000)
  to   space 22528K, 0% used [0x00000000e7600000,0x00000000e7600000,0x00000000e8c00000)
 ParOldGen       total 72704K, used 26176K [0x0000000080000000, 0x0000000084700000, 0x00000000d5580000)
  object space 72704K, 36% used [0x0000000080000000,0x00000000819903e8,0x0000000084700000)
 Metaspace       used 56654K, capacity 58958K, committed 59028K, reserved 1099776K
  class space    used 7739K, capacity 8164K, committed 8192K, reserved 1048576K
Event: 36.622 GC heap after
Heap after GC invocations=13 (full 3):
 PSYoungGen      total 312832K, used 0K [0x00000000d5580000, 0x00000000ea200000, 0x0000000100000000)
  eden space 295424K, 0% used [0x00000000d5580000,0x00000000d5580000,0x00000000e7600000)
  from space 17408K, 0% used [0x00000000e8d80000,0x00000000e8d80000,0x00000000e9e80000)
  to   space 22528K, 0% used [0x00000000e7600000,0x00000000e7600000,0x00000000e8c00000)
 ParOldGen       total 113664K, used 35695K [0x0000000080000000, 0x0000000086f00000, 0x00000000d5580000)
  object space 113664K, 31% used [0x0000000080000000,0x00000000822dbc28,0x0000000086f00000)
 Metaspace       used 56654K, capacity 58958K, committed 59028K, reserved 1099776K
  class space    used 7739K, capacity 8164K, committed 8192K, reserved 1048576K
}

