# JRE version: OpenJDK Runtime Environment (8.0_242-b01) (build 1.8.0_242-release-1644-b01)
# Java VM: OpenJDK 64-Bit Server VM (25.242-b01 mixed mode windows-amd64 compressed oops)
Heap:
 PSYoungGen      total 71680K, used 30286K [0x00000000d5580000, 0x00000000dda80000, 0x0000000100000000)
  eden space 62464K, 36% used [0x00000000d5580000,0x00000000d6c054e0,0x00000000d9280000)
  from space 9216K, 78% used [0x00000000d9c80000,0x00000000da38e408,0x00000000da580000)
  to   space 10240K, 0% used [0x00000000d9280000,0x00000000d9280000,0x00000000d9c80000)
 ParOldGen       total 46592K, used 7535K [0x0000000080000000, 0x0000000082d80000, 0x00000000d5580000)
  object space 46592K, 16% used [0x0000000080000000,0x000000008075bff0,0x0000000082d80000)
 Metaspace       used 29643K, capacity 30694K, committed 30848K, reserved 1075200K
  class space    used 4086K, capacity 4362K, committed 4480K, reserved 1048576K
GC Heap History (10 events):
Event: 5.947 GC heap before
{Heap before GC invocations=5 (full 0):
 PSYoungGen      total 36864K, used 36841K [0x00000000d5580000, 0x00000000d7e80000, 0x0000000100000000)
  eden space 31744K, 100% used [0x00000000d5580000,0x00000000d7480000,0x00000000d7480000)
  from space 5120K, 99% used [0x00000000d7980000,0x00000000d7e7a630,0x00000000d7e80000)
  to   space 5120K, 0% used [0x00000000d7480000,0x00000000d7480000,0x00000000d7980000)
 ParOldGen       total 84992K, used 2658K [0x0000000080000000, 0x0000000085300000, 0x00000000d5580000)
  object space 84992K, 3% used [0x0000000080000000,0x0000000080298a00,0x0000000085300000)
 Metaspace       used 16950K, capacity 17580K, committed 17920K, reserved 1064960K
  class space    used 2284K, capacity 2470K, committed 2560K, reserved 1048576K
Event: 6.061 GC heap after
Heap after GC invocations=5 (full 0):
 PSYoungGen      total 36864K, used 5113K [0x00000000d5580000, 0x00000000da580000, 0x0000000100000000)
  eden space 31744K, 0% used [0x00000000d5580000,0x00000000d5580000,0x00000000d7480000)
  from space 5120K, 99% used [0x00000000d7480000,0x00000000d797e640,0x00000000d7980000)
  to   space 9216K, 0% used [0x00000000d9c80000,0x00000000d9c80000,0x00000000da580000)
 ParOldGen       total 84992K, used 5298K [0x0000000080000000, 0x0000000085300000, 0x00000000d5580000)
  object space 84992K, 6% used [0x0000000080000000,0x000000008052c8f0,0x0000000085300000)
 Metaspace       used 16950K, capacity 17580K, committed 17920K, reserved 1064960K
  class space    used 2284K, capacity 2470K, committed 2560K, reserved 1048576K
}
Event: 6.812 GC heap before
{Heap before GC invocations=6 (full 0):
 PSYoungGen      total 36864K, used 36857K [0x00000000d5580000, 0x00000000da580000, 0x0000000100000000)
  eden space 31744K, 100% used [0x00000000d5580000,0x00000000d7480000,0x00000000d7480000)
  from space 5120K, 99% used [0x00000000d7480000,0x00000000d797e640,0x00000000d7980000)
  to   space 9216K, 0% used [0x00000000d9c80000,0x00000000d9c80000,0x00000000da580000)
 ParOldGen       total 84992K, used 5298K [0x0000000080000000, 0x0000000085300000, 0x00000000d5580000)
  object space 84992K, 6% used [0x0000000080000000,0x000000008052c8f0,0x0000000085300000)
 Metaspace       used 19724K, capacity 20410K, committed 20608K, reserved 1067008K
  class space    used 2733K, capacity 2913K, committed 2944K, reserved 1048576K
Event: 6.826 GC heap after
Heap after GC invocations=6 (full 0):
 PSYoungGen      total 71168K, used 8884K [0x00000000d5580000, 0x00000000da880000, 0x0000000100000000)
  eden space 61952K, 0% used [0x00000000d5580000,0x00000000d5580000,0x00000000d9200000)
  from space 9216K, 96% used [0x00000000d9c80000,0x00000000da52d168,0x00000000da580000)
  to   space 10752K, 0% used [0x00000000d9200000,0x00000000d9200000,0x00000000d9c80000)
 ParOldGen       total 84992K, used 5306K [0x0000000080000000, 0x0000000085300000, 0x00000000d5580000)
  object space 84992K, 6% used [0x0000000080000000,0x000000008052e8f0,0x0000000085300000)
 Metaspace       used 19724K, capacity 20410K, committed 20608K, reserved 1067008K
  class space    used 2733K, capacity 2913K, committed 2944K, reserved 1048576K
}
Event: 6.975 GC heap before
{Heap before GC invocations=7 (full 0):
 PSYoungGen      total 71168K, used 18866K [0x00000000d5580000, 0x00000000da880000, 0x0000000100000000)
  eden space 61952K, 16% used [0x00000000d5580000,0x00000000d5f3f960,0x00000000d9200000)
  from space 9216K, 96% used [0x00000000d9c80000,0x00000000da52d168,0x00000000da580000)
  to   space 10752K, 0% used [0x00000000d9200000,0x00000000d9200000,0x00000000d9c80000)
 ParOldGen       total 84992K, used 5306K [0x0000000080000000, 0x0000000085300000, 0x00000000d5580000)
  object space 84992K, 6% used [0x0000000080000000,0x000000008052e8f0,0x0000000085300000)
 Metaspace       used 20462K, capacity 21204K, committed 21248K, reserved 1067008K
  class space    used 2846K, capacity 3048K, committed 3072K, reserved 1048576K
Event: 6.985 GC heap after
Heap after GC invocations=7 (full 0):
 PSYoungGen      total 72704K, used 4639K [0x00000000d5580000, 0x00000000da880000, 0x0000000100000000)
  eden space 61952K, 0% used [0x00000000d5580000,0x00000000d5580000,0x00000000d9200000)
  from space 10752K, 43% used [0x00000000d9200000,0x00000000d9687cc0,0x00000000d9c80000)
  to   space 9216K, 0% used [0x00000000d9c80000,0x00000000d9c80000,0x00000000da580000)
 ParOldGen       total 84992K, used 7911K [0x0000000080000000, 0x0000000085300000, 0x00000000d5580000)
  object space 84992K, 9% used [0x0000000080000000,0x00000000807b9f60,0x0000000085300000)
 Metaspace       used 20462K, capacity 21204K, committed 21248K, reserved 1067008K
  class space    used 2846K, capacity 3048K, committed 3072K, reserved 1048576K
}
Event: 6.985 GC heap before
{Heap before GC invocations=8 (full 1):
 PSYoungGen      total 72704K, used 4639K [0x00000000d5580000, 0x00000000da880000, 0x0000000100000000)
  eden space 61952K, 0% used [0x00000000d5580000,0x00000000d5580000,0x00000000d9200000)
  from space 10752K, 43% used [0x00000000d9200000,0x00000000d9687cc0,0x00000000d9c80000)
  to   space 9216K, 0% used [0x00000000d9c80000,0x00000000d9c80000,0x00000000da580000)
 ParOldGen       total 84992K, used 7911K [0x0000000080000000, 0x0000000085300000, 0x00000000d5580000)
  object space 84992K, 9% used [0x0000000080000000,0x00000000807b9f60,0x0000000085300000)
 Metaspace       used 20462K, capacity 21204K, committed 21248K, reserved 1067008K
  class space    used 2846K, capacity 3048K, committed 3072K, reserved 1048576K
Event: 7.023 GC heap after
Heap after GC invocations=8 (full 1):
 PSYoungGen      total 72704K, used 0K [0x00000000d5580000, 0x00000000da880000, 0x0000000100000000)
  eden space 61952K, 0% used [0x00000000d5580000,0x00000000d5580000,0x00000000d9200000)
  from space 10752K, 0% used [0x00000000d9200000,0x00000000d9200000,0x00000000d9c80000)
  to   space 9216K, 0% used [0x00000000d9c80000,0x00000000d9c80000,0x00000000da580000)
 ParOldGen       total 46592K, used 7527K [0x0000000080000000, 0x0000000082d80000, 0x00000000d5580000)
  object space 46592K, 16% used [0x0000000080000000,0x0000000080759ff0,0x0000000082d80000)
 Metaspace       used 20462K, capacity 21204K, committed 21248K, reserved 1067008K
  class space    used 2846K, capacity 3048K, committed 3072K, reserved 1048576K
}
Event: 7.836 GC heap before
{Heap before GC invocations=9 (full 1):
 PSYoungGen      total 72704K, used 61952K [0x00000000d5580000, 0x00000000da880000, 0x0000000100000000)
  eden space 61952K, 100% used [0x00000000d5580000,0x00000000d9200000,0x00000000d9200000)
  from space 10752K, 0% used [0x00000000d9200000,0x00000000d9200000,0x00000000d9c80000)
  to   space 9216K, 0% used [0x00000000d9c80000,0x00000000d9c80000,0x00000000da580000)
 ParOldGen       total 46592K, used 7527K [0x0000000080000000, 0x0000000082d80000, 0x00000000d5580000)
  object space 46592K, 16% used [0x0000000080000000,0x0000000080759ff0,0x0000000082d80000)
 Metaspace       used 27592K, capacity 28446K, committed 28672K, reserved 1073152K
  class space    used 3791K, capacity 4035K, committed 4096K, reserved 1048576K
Event: 7.846 GC heap after
Heap after GC invocations=9 (full 1):
 PSYoungGen      total 71680K, used 7225K [0x00000000d5580000, 0x00000000dda80000, 0x0000000100000000)
  eden space 62464K, 0% used [0x00000000d5580000,0x00000000d5580000,0x00000000d9280000)
  from space 9216K, 78% used [0x00000000d9c80000,0x00000000da38e408,0x00000000da580000)
  to   space 10240K, 0% used [0x00000000d9280000,0x00000000d9280000,0x00000000d9c80000)
 ParOldGen       total 46592K, used 7535K [0x0000000080000000, 0x0000000082d80000, 0x00000000d5580000)
  object space 46592K, 16% used [0x0000000080000000,0x000000008075bff0,0x0000000082d80000)
 Metaspace       used 27592K, capacity 28446K, committed 28672K, reserved 1073152K
  class space    used 3791K, capacity 4035K, committed 4096K, reserved 1048576K
}

