# JRE version: OpenJDK Runtime Environment (8.0_242-b01) (build 1.8.0_242-release-1644-b01)
# Java VM: OpenJDK 64-Bit Server VM (25.242-b01 mixed mode windows-amd64 compressed oops)
Heap:
 PSYoungGen      total 229888K, used 66900K [0x00000000d5580000, 0x00000000e4a00000, 0x0000000100000000)
  eden space 210944K, 31% used [0x00000000d5580000,0x00000000d96d53c0,0x00000000e2380000)
  from space 18944K, 0% used [0x00000000e3600000,0x00000000e3600000,0x00000000e4880000)
  to   space 18944K, 0% used [0x00000000e2380000,0x00000000e2380000,0x00000000e3600000)
 ParOldGen       total 76288K, used 30049K [0x0000000080000000, 0x0000000084a80000, 0x00000000d5580000)
  object space 76288K, 39% used [0x0000000080000000,0x0000000081d586e0,0x0000000084a80000)
 Metaspace       used 60977K, capacity 63470K, committed 63704K, reserved 1103872K
  class space    used 8447K, capacity 8960K, committed 8960K, reserved 1048576K
GC Heap History (10 events):
Event: 10.367 GC heap before
{Heap before GC invocations=11 (full 2):
 PSYoungGen      total 131584K, used 10223K [0x00000000d5580000, 0x00000000e0d80000, 0x0000000100000000)
  eden space 121344K, 0% used [0x00000000d5580000,0x00000000d5580000,0x00000000dcc00000)
  from space 10240K, 99% used [0x00000000dcc00000,0x00000000dd5fbca8,0x00000000dd600000)
  to   space 12288K, 0% used [0x00000000e0180000,0x00000000e0180000,0x00000000e0d80000)
 ParOldGen       total 49152K, used 9071K [0x0000000080000000, 0x0000000083000000, 0x00000000d5580000)
  object space 49152K, 18% used [0x0000000080000000,0x00000000808dbe38,0x0000000083000000)
 Metaspace       used 34262K, capacity 35392K, committed 35416K, reserved 1079296K
  class space    used 4720K, capacity 4973K, committed 4992K, reserved 1048576K
Event: 10.463 GC heap after
Heap after GC invocations=11 (full 2):
 PSYoungGen      total 131584K, used 0K [0x00000000d5580000, 0x00000000e0d80000, 0x0000000100000000)
  eden space 121344K, 0% used [0x00000000d5580000,0x00000000d5580000,0x00000000dcc00000)
  from space 10240K, 0% used [0x00000000dcc00000,0x00000000dcc00000,0x00000000dd600000)
  to   space 12288K, 0% used [0x00000000e0180000,0x00000000e0180000,0x00000000e0d80000)
 ParOldGen       total 76288K, used 18280K [0x0000000080000000, 0x0000000084a80000, 0x00000000d5580000)
  object space 76288K, 23% used [0x0000000080000000,0x00000000811da1c0,0x0000000084a80000)
 Metaspace       used 34262K, capacity 35392K, committed 35416K, reserved 1079296K
  class space    used 4720K, capacity 4973K, committed 4992K, reserved 1048576K
}
Event: 12.543 GC heap before
{Heap before GC invocations=12 (full 2):
 PSYoungGen      total 131584K, used 121344K [0x00000000d5580000, 0x00000000e0d80000, 0x0000000100000000)
  eden space 121344K, 100% used [0x00000000d5580000,0x00000000dcc00000,0x00000000dcc00000)
  from space 10240K, 0% used [0x00000000dcc00000,0x00000000dcc00000,0x00000000dd600000)
  to   space 12288K, 0% used [0x00000000e0180000,0x00000000e0180000,0x00000000e0d80000)
 ParOldGen       total 76288K, used 18280K [0x0000000080000000, 0x0000000084a80000, 0x00000000d5580000)
  object space 76288K, 23% used [0x0000000080000000,0x00000000811da1c0,0x0000000084a80000)
 Metaspace       used 38855K, capacity 40614K, committed 40792K, reserved 1085440K
  class space    used 5365K, capacity 5733K, committed 5760K, reserved 1048576K
Event: 12.562 GC heap after
Heap after GC invocations=12 (full 2):
 PSYoungGen      total 171008K, used 9044K [0x00000000d5580000, 0x00000000e0b80000, 0x0000000100000000)
  eden space 160768K, 0% used [0x00000000d5580000,0x00000000d5580000,0x00000000df280000)
  from space 10240K, 88% used [0x00000000e0180000,0x00000000e0a55290,0x00000000e0b80000)
  to   space 12800K, 0% used [0x00000000df280000,0x00000000df280000,0x00000000dff00000)
 ParOldGen       total 76288K, used 18288K [0x0000000080000000, 0x0000000084a80000, 0x00000000d5580000)
  object space 76288K, 23% used [0x0000000080000000,0x00000000811dc1c0,0x0000000084a80000)
 Metaspace       used 38855K, capacity 40614K, committed 40792K, reserved 1085440K
  class space    used 5365K, capacity 5733K, committed 5760K, reserved 1048576K
}
Event: 16.007 GC heap before
{Heap before GC invocations=13 (full 2):
 PSYoungGen      total 171008K, used 169812K [0x00000000d5580000, 0x00000000e0b80000, 0x0000000100000000)
  eden space 160768K, 100% used [0x00000000d5580000,0x00000000df280000,0x00000000df280000)
  from space 10240K, 88% used [0x00000000e0180000,0x00000000e0a55290,0x00000000e0b80000)
  to   space 12800K, 0% used [0x00000000df280000,0x00000000df280000,0x00000000dff00000)
 ParOldGen       total 76288K, used 18288K [0x0000000080000000, 0x0000000084a80000, 0x00000000d5580000)
  object space 76288K, 23% used [0x0000000080000000,0x00000000811dc1c0,0x0000000084a80000)
 Metaspace       used 54617K, capacity 56922K, committed 57048K, reserved 1097728K
  class space    used 7443K, capacity 7900K, committed 7936K, reserved 1048576K
Event: 16.054 GC heap after
Heap after GC invocations=13 (full 2):
 PSYoungGen      total 173568K, used 12786K [0x00000000d5580000, 0x00000000e4880000, 0x0000000100000000)
  eden space 160768K, 0% used [0x00000000d5580000,0x00000000d5580000,0x00000000df280000)
  from space 12800K, 99% used [0x00000000df280000,0x00000000dfefc9b0,0x00000000dff00000)
  to   space 18944K, 0% used [0x00000000e3600000,0x00000000e3600000,0x00000000e4880000)
 ParOldGen       total 76288K, used 31205K [0x0000000080000000, 0x0000000084a80000, 0x00000000d5580000)
  object space 76288K, 40% used [0x0000000080000000,0x0000000081e79630,0x0000000084a80000)
 Metaspace       used 54617K, capacity 56922K, committed 57048K, reserved 1097728K
  class space    used 7443K, capacity 7900K, committed 7936K, reserved 1048576K
}
Event: 16.875 GC heap before
{Heap before GC invocations=14 (full 2):
 PSYoungGen      total 173568K, used 41275K [0x00000000d5580000, 0x00000000e4880000, 0x0000000100000000)
  eden space 160768K, 17% used [0x00000000d5580000,0x00000000d7152280,0x00000000df280000)
  from space 12800K, 99% used [0x00000000df280000,0x00000000dfefc9b0,0x00000000dff00000)
  to   space 18944K, 0% used [0x00000000e3600000,0x00000000e3600000,0x00000000e4880000)
 ParOldGen       total 76288K, used 31205K [0x0000000080000000, 0x0000000084a80000, 0x00000000d5580000)
  object space 76288K, 40% used [0x0000000080000000,0x0000000081e79630,0x0000000084a80000)
 Metaspace       used 56451K, capacity 58800K, committed 58968K, reserved 1099776K
  class space    used 7725K, capacity 8195K, committed 8320K, reserved 1048576K
Event: 16.895 GC heap after
Heap after GC invocations=14 (full 2):
 PSYoungGen      total 229888K, used 2671K [0x00000000d5580000, 0x00000000e4a00000, 0x0000000100000000)
  eden space 210944K, 0% used [0x00000000d5580000,0x00000000d5580000,0x00000000e2380000)
  from space 18944K, 14% used [0x00000000e3600000,0x00000000e389be08,0x00000000e4880000)
  to   space 18944K, 0% used [0x00000000e2380000,0x00000000e2380000,0x00000000e3600000)
 ParOldGen       total 76288K, used 41554K [0x0000000080000000, 0x0000000084a80000, 0x00000000d5580000)
  object space 76288K, 54% used [0x0000000080000000,0x0000000082894b18,0x0000000084a80000)
 Metaspace       used 56451K, capacity 58800K, committed 58968K, reserved 1099776K
  class space    used 7725K, capacity 8195K, committed 8320K, reserved 1048576K
}
Event: 16.895 GC heap before
{Heap before GC invocations=15 (full 3):
 PSYoungGen      total 229888K, used 2671K [0x00000000d5580000, 0x00000000e4a00000, 0x0000000100000000)
  eden space 210944K, 0% used [0x00000000d5580000,0x00000000d5580000,0x00000000e2380000)
  from space 18944K, 14% used [0x00000000e3600000,0x00000000e389be08,0x00000000e4880000)
  to   space 18944K, 0% used [0x00000000e2380000,0x00000000e2380000,0x00000000e3600000)
 ParOldGen       total 76288K, used 41554K [0x0000000080000000, 0x0000000084a80000, 0x00000000d5580000)
  object space 76288K, 54% used [0x0000000080000000,0x0000000082894b18,0x0000000084a80000)
 Metaspace       used 56451K, capacity 58800K, committed 58968K, reserved 1099776K
  class space    used 7725K, capacity 8195K, committed 8320K, reserved 1048576K
Event: 17.104 GC heap after
Heap after GC invocations=15 (full 3):
 PSYoungGen      total 229888K, used 0K [0x00000000d5580000, 0x00000000e4a00000, 0x0000000100000000)
  eden space 210944K, 0% used [0x00000000d5580000,0x00000000d5580000,0x00000000e2380000)
  from space 18944K, 0% used [0x00000000e3600000,0x00000000e3600000,0x00000000e4880000)
  to   space 18944K, 0% used [0x00000000e2380000,0x00000000e2380000,0x00000000e3600000)
 ParOldGen       total 76288K, used 30049K [0x0000000080000000, 0x0000000084a80000, 0x00000000d5580000)
  object space 76288K, 39% used [0x0000000080000000,0x0000000081d586e0,0x0000000084a80000)
 Metaspace       used 56442K, capacity 58770K, committed 58968K, reserved 1099776K
  class space    used 7722K, capacity 8190K, committed 8320K, reserved 1048576K
}

