# JRE version: OpenJDK Runtime Environment (8.0_242-b01) (build 1.8.0_242-release-1644-b01)
# Java VM: OpenJDK 64-Bit Server VM (25.242-b01 mixed mode windows-amd64 compressed oops)
Heap:
 PSYoungGen      total 54784K, used 9197K [0x00000000d5580000, 0x00000000d9500000, 0x0000000100000000)
  eden space 44544K, 12% used [0x00000000d5580000,0x00000000d5b09a50,0x00000000d8100000)
  from space 10240K, 34% used [0x00000000d8100000,0x00000000d8471ba8,0x00000000d8b00000)
  to   space 10240K, 0% used [0x00000000d8b00000,0x00000000d8b00000,0x00000000d9500000)
 ParOldGen       total 49152K, used 12295K [0x0000000080000000, 0x0000000083000000, 0x00000000d5580000)
  object space 49152K, 25% used [0x0000000080000000,0x0000000080c01f00,0x0000000083000000)
 Metaspace       used 33075K, capacity 34280K, committed 34560K, reserved 1079296K
  class space    used 4485K, capacity 4798K, committed 4864K, reserved 1048576K
GC Heap History (10 events):
Event: 9.976 GC heap before
{Heap before GC invocations=8 (full 1):
 PSYoungGen      total 36352K, used 4739K [0x00000000d5580000, 0x00000000d8700000, 0x0000000100000000)
  eden space 31232K, 0% used [0x00000000d5580000,0x00000000d5580000,0x00000000d7400000)
  from space 5120K, 92% used [0x00000000d7480000,0x00000000d7920df0,0x00000000d7980000)
  to   space 9728K, 0% used [0x00000000d7d80000,0x00000000d7d80000,0x00000000d8700000)
 ParOldGen       total 84992K, used 8032K [0x0000000080000000, 0x0000000085300000, 0x00000000d5580000)
  object space 84992K, 9% used [0x0000000080000000,0x00000000807d8048,0x0000000085300000)
 Metaspace       used 20459K, capacity 21204K, committed 21248K, reserved 1067008K
  class space    used 2847K, capacity 3032K, committed 3072K, reserved 1048576K
Event: 10.025 GC heap after
Heap after GC invocations=8 (full 1):
 PSYoungGen      total 36352K, used 0K [0x00000000d5580000, 0x00000000d8700000, 0x0000000100000000)
  eden space 31232K, 0% used [0x00000000d5580000,0x00000000d5580000,0x00000000d7400000)
  from space 5120K, 0% used [0x00000000d7480000,0x00000000d7480000,0x00000000d7980000)
  to   space 9728K, 0% used [0x00000000d7d80000,0x00000000d7d80000,0x00000000d8700000)
 ParOldGen       total 49152K, used 7606K [0x0000000080000000, 0x0000000083000000, 0x00000000d5580000)
  object space 49152K, 15% used [0x0000000080000000,0x000000008076da40,0x0000000083000000)
 Metaspace       used 20459K, capacity 21204K, committed 21248K, reserved 1067008K
  class space    used 2847K, capacity 3032K, committed 3072K, reserved 1048576K
}
Event: 10.766 GC heap before
{Heap before GC invocations=9 (full 1):
 PSYoungGen      total 36352K, used 31232K [0x00000000d5580000, 0x00000000d8700000, 0x0000000100000000)
  eden space 31232K, 100% used [0x00000000d5580000,0x00000000d7400000,0x00000000d7400000)
  from space 5120K, 0% used [0x00000000d7480000,0x00000000d7480000,0x00000000d7980000)
  to   space 9728K, 0% used [0x00000000d7d80000,0x00000000d7d80000,0x00000000d8700000)
 ParOldGen       total 49152K, used 7606K [0x0000000080000000, 0x0000000083000000, 0x00000000d5580000)
  object space 49152K, 15% used [0x0000000080000000,0x000000008076da40,0x0000000083000000)
 Metaspace       used 22048K, capacity 23042K, committed 23168K, reserved 1069056K
  class space    used 3106K, capacity 3353K, committed 3456K, reserved 1048576K
Event: 10.769 GC heap after
Heap after GC invocations=9 (full 1):
 PSYoungGen      total 39936K, used 2625K [0x00000000d5580000, 0x00000000da100000, 0x0000000100000000)
  eden space 30208K, 0% used [0x00000000d5580000,0x00000000d5580000,0x00000000d7300000)
  from space 9728K, 26% used [0x00000000d7d80000,0x00000000d80107f8,0x00000000d8700000)
  to   space 10752K, 0% used [0x00000000d7300000,0x00000000d7300000,0x00000000d7d80000)
 ParOldGen       total 49152K, used 7614K [0x0000000080000000, 0x0000000083000000, 0x00000000d5580000)
  object space 49152K, 15% used [0x0000000080000000,0x000000008076fa40,0x0000000083000000)
 Metaspace       used 22048K, capacity 23042K, committed 23168K, reserved 1069056K
  class space    used 3106K, capacity 3353K, committed 3456K, reserved 1048576K
}
Event: 11.191 GC heap before
{Heap before GC invocations=10 (full 1):
 PSYoungGen      total 39936K, used 32833K [0x00000000d5580000, 0x00000000da100000, 0x0000000100000000)
  eden space 30208K, 100% used [0x00000000d5580000,0x00000000d7300000,0x00000000d7300000)
  from space 9728K, 26% used [0x00000000d7d80000,0x00000000d80107f8,0x00000000d8700000)
  to   space 10752K, 0% used [0x00000000d7300000,0x00000000d7300000,0x00000000d7d80000)
 ParOldGen       total 49152K, used 7614K [0x0000000080000000, 0x0000000083000000, 0x00000000d5580000)
  object space 49152K, 15% used [0x0000000080000000,0x000000008076fa40,0x0000000083000000)
 Metaspace       used 24338K, capacity 25432K, committed 25600K, reserved 1071104K
  class space    used 3466K, capacity 3736K, committed 3840K, reserved 1048576K
Event: 11.197 GC heap after
Heap after GC invocations=10 (full 1):
 PSYoungGen      total 40960K, used 4121K [0x00000000d5580000, 0x00000000d9500000, 0x0000000100000000)
  eden space 30208K, 0% used [0x00000000d5580000,0x00000000d5580000,0x00000000d7300000)
  from space 10752K, 38% used [0x00000000d7300000,0x00000000d7706680,0x00000000d7d80000)
  to   space 10240K, 0% used [0x00000000d8b00000,0x00000000d8b00000,0x00000000d9500000)
 ParOldGen       total 49152K, used 7622K [0x0000000080000000, 0x0000000083000000, 0x00000000d5580000)
  object space 49152K, 15% used [0x0000000080000000,0x0000000080771a40,0x0000000083000000)
 Metaspace       used 24338K, capacity 25432K, committed 25600K, reserved 1071104K
  class space    used 3466K, capacity 3736K, committed 3840K, reserved 1048576K
}
Event: 12.071 GC heap before
{Heap before GC invocations=11 (full 1):
 PSYoungGen      total 40960K, used 34329K [0x00000000d5580000, 0x00000000d9500000, 0x0000000100000000)
  eden space 30208K, 100% used [0x00000000d5580000,0x00000000d7300000,0x00000000d7300000)
  from space 10752K, 38% used [0x00000000d7300000,0x00000000d7706680,0x00000000d7d80000)
  to   space 10240K, 0% used [0x00000000d8b00000,0x00000000d8b00000,0x00000000d9500000)
 ParOldGen       total 49152K, used 7622K [0x0000000080000000, 0x0000000083000000, 0x00000000d5580000)
  object space 49152K, 15% used [0x0000000080000000,0x0000000080771a40,0x0000000083000000)
 Metaspace       used 30164K, capacity 31296K, committed 31616K, reserved 1077248K
  class space    used 4096K, capacity 4378K, committed 4480K, reserved 1048576K
Event: 12.080 GC heap after
Heap after GC invocations=11 (full 1):
 PSYoungGen      total 54784K, used 6092K [0x00000000d5580000, 0x00000000d9500000, 0x0000000100000000)
  eden space 44544K, 0% used [0x00000000d5580000,0x00000000d5580000,0x00000000d8100000)
  from space 10240K, 59% used [0x00000000d8b00000,0x00000000d90f3150,0x00000000d9500000)
  to   space 10240K, 0% used [0x00000000d8100000,0x00000000d8100000,0x00000000d8b00000)
 ParOldGen       total 49152K, used 8882K [0x0000000080000000, 0x0000000083000000, 0x00000000d5580000)
  object space 49152K, 18% used [0x0000000080000000,0x00000000808ac900,0x0000000083000000)
 Metaspace       used 30164K, capacity 31296K, committed 31616K, reserved 1077248K
  class space    used 4096K, capacity 4378K, committed 4480K, reserved 1048576K
}
Event: 13.434 GC heap before
{Heap before GC invocations=12 (full 1):
 PSYoungGen      total 54784K, used 50636K [0x00000000d5580000, 0x00000000d9500000, 0x0000000100000000)
  eden space 44544K, 100% used [0x00000000d5580000,0x00000000d8100000,0x00000000d8100000)
  from space 10240K, 59% used [0x00000000d8b00000,0x00000000d90f3150,0x00000000d9500000)
  to   space 10240K, 0% used [0x00000000d8100000,0x00000000d8100000,0x00000000d8b00000)
 ParOldGen       total 49152K, used 8882K [0x0000000080000000, 0x0000000083000000, 0x00000000d5580000)
  object space 49152K, 18% used [0x0000000080000000,0x00000000808ac900,0x0000000083000000)
 Metaspace       used 32941K, capacity 34182K, committed 34304K, reserved 1079296K
  class space    used 4472K, capacity 4790K, committed 4864K, reserved 1048576K
Event: 13.467 GC heap after
Heap after GC invocations=12 (full 1):
 PSYoungGen      total 54784K, used 3526K [0x00000000d5580000, 0x00000000d9500000, 0x0000000100000000)
  eden space 44544K, 0% used [0x00000000d5580000,0x00000000d5580000,0x00000000d8100000)
  from space 10240K, 34% used [0x00000000d8100000,0x00000000d8471ba8,0x00000000d8b00000)
  to   space 10240K, 0% used [0x00000000d8b00000,0x00000000d8b00000,0x00000000d9500000)
 ParOldGen       total 49152K, used 12295K [0x0000000080000000, 0x0000000083000000, 0x00000000d5580000)
  object space 49152K, 25% used [0x0000000080000000,0x0000000080c01f00,0x0000000083000000)
 Metaspace       used 32941K, capacity 34182K, committed 34304K, reserved 1079296K
  class space    used 4472K, capacity 4790K, committed 4864K, reserved 1048576K
}

