# JRE version: OpenJDK Runtime Environment (8.0_242-b01) (build 1.8.0_242-release-1644-b01)
# Java VM: OpenJDK 64-Bit Server VM (25.242-b01 mixed mode windows-amd64 compressed oops)
Heap:
 PSYoungGen      total 450048K, used 178841K [0x00000000d5580000, 0x00000000f5780000, 0x0000000100000000)
  eden space 387072K, 39% used [0x00000000d5580000,0x00000000de9fd330,0x00000000ecf80000)
  from space 62976K, 42% used [0x00000000f0a80000,0x00000000f24a9188,0x00000000f4800000)
  to   space 60416K, 0% used [0x00000000ecf80000,0x00000000ecf80000,0x00000000f0a80000)
 ParOldGen       total 223232K, used 165050K [0x0000000080000000, 0x000000008da00000, 0x00000000d5580000)
  object space 223232K, 73% used [0x0000000080000000,0x000000008a12eac0,0x000000008da00000)
 Metaspace       used 85056K, capacity 89532K, committed 89816K, reserved 1126400K
  class space    used 11214K, capacity 11997K, committed 12032K, reserved 1048576K
GC Heap History (10 events):
Event: 28.010 GC heap before
{Heap before GC invocations=18 (full 3):
 PSYoungGen      total 274432K, used 274431K [0x00000000d5580000, 0x00000000ebd00000, 0x0000000100000000)
  eden space 252928K, 100% used [0x00000000d5580000,0x00000000e4c80000,0x00000000e4c80000)
  from space 21504K, 99% used [0x00000000e7580000,0x00000000e8a7ffc0,0x00000000e8a80000)
  to   space 41984K, 0% used [0x00000000e4c80000,0x00000000e4c80000,0x00000000e7580000)
 ParOldGen       total 109056K, used 76315K [0x0000000080000000, 0x0000000086a80000, 0x00000000d5580000)
  object space 109056K, 69% used [0x0000000080000000,0x0000000084a86e60,0x0000000086a80000)
 Metaspace       used 75521K, capacity 79902K, committed 80088K, reserved 1118208K
  class space    used 10388K, capacity 11168K, committed 11264K, reserved 1048576K
Event: 28.122 GC heap after
Heap after GC invocations=18 (full 3):
 PSYoungGen      total 294912K, used 39416K [0x00000000d5580000, 0x00000000f0080000, 0x0000000100000000)
  eden space 252928K, 0% used [0x00000000d5580000,0x00000000d5580000,0x00000000e4c80000)
  from space 41984K, 93% used [0x00000000e4c80000,0x00000000e72fe028,0x00000000e7580000)
  to   space 48128K, 0% used [0x00000000ed180000,0x00000000ed180000,0x00000000f0080000)
 ParOldGen       total 109056K, used 90974K [0x0000000080000000, 0x0000000086a80000, 0x00000000d5580000)
  object space 109056K, 83% used [0x0000000080000000,0x00000000858d7ab0,0x0000000086a80000)
 Metaspace       used 75521K, capacity 79902K, committed 80088K, reserved 1118208K
  class space    used 10388K, capacity 11168K, committed 11264K, reserved 1048576K
}
Event: 28.122 GC heap before
{Heap before GC invocations=19 (full 4):
 PSYoungGen      total 294912K, used 39416K [0x00000000d5580000, 0x00000000f0080000, 0x0000000100000000)
  eden space 252928K, 0% used [0x00000000d5580000,0x00000000d5580000,0x00000000e4c80000)
  from space 41984K, 93% used [0x00000000e4c80000,0x00000000e72fe028,0x00000000e7580000)
  to   space 48128K, 0% used [0x00000000ed180000,0x00000000ed180000,0x00000000f0080000)
 ParOldGen       total 109056K, used 90974K [0x0000000080000000, 0x0000000086a80000, 0x00000000d5580000)
  object space 109056K, 83% used [0x0000000080000000,0x00000000858d7ab0,0x0000000086a80000)
 Metaspace       used 75521K, capacity 79902K, committed 80088K, reserved 1118208K
  class space    used 10388K, capacity 11168K, committed 11264K, reserved 1048576K
Event: 28.707 GC heap after
Heap after GC invocations=19 (full 4):
 PSYoungGen      total 294912K, used 0K [0x00000000d5580000, 0x00000000f0080000, 0x0000000100000000)
  eden space 252928K, 0% used [0x00000000d5580000,0x00000000d5580000,0x00000000e4c80000)
  from space 41984K, 0% used [0x00000000e4c80000,0x00000000e4c80000,0x00000000e7580000)
  to   space 48128K, 0% used [0x00000000ed180000,0x00000000ed180000,0x00000000f0080000)
 ParOldGen       total 223232K, used 108970K [0x0000000080000000, 0x000000008da00000, 0x00000000d5580000)
  object space 223232K, 48% used [0x0000000080000000,0x0000000086a6a8c0,0x000000008da00000)
 Metaspace       used 75264K, capacity 79192K, committed 80088K, reserved 1118208K
  class space    used 10299K, capacity 11013K, committed 11264K, reserved 1048576K
}
Event: 87.681 GC heap before
{Heap before GC invocations=20 (full 4):
 PSYoungGen      total 294912K, used 252928K [0x00000000d5580000, 0x00000000f0080000, 0x0000000100000000)
  eden space 252928K, 100% used [0x00000000d5580000,0x00000000e4c80000,0x00000000e4c80000)
  from space 41984K, 0% used [0x00000000e4c80000,0x00000000e4c80000,0x00000000e7580000)
  to   space 48128K, 0% used [0x00000000ed180000,0x00000000ed180000,0x00000000f0080000)
 ParOldGen       total 223232K, used 108970K [0x0000000080000000, 0x000000008da00000, 0x00000000d5580000)
  object space 223232K, 48% used [0x0000000080000000,0x0000000086a6a8c0,0x000000008da00000)
 Metaspace       used 82631K, capacity 86790K, committed 87128K, reserved 1124352K
  class space    used 11066K, capacity 11804K, committed 11904K, reserved 1048576K
Event: 87.729 GC heap after
Heap after GC invocations=20 (full 4):
 PSYoungGen      total 356352K, used 27896K [0x00000000d5580000, 0x00000000ef180000, 0x0000000100000000)
  eden space 323584K, 0% used [0x00000000d5580000,0x00000000d5580000,0x00000000e9180000)
  from space 32768K, 85% used [0x00000000ed180000,0x00000000eecbe098,0x00000000ef180000)
  to   space 49152K, 0% used [0x00000000e9180000,0x00000000e9180000,0x00000000ec180000)
 ParOldGen       total 223232K, used 108978K [0x0000000080000000, 0x000000008da00000, 0x00000000d5580000)
  object space 223232K, 48% used [0x0000000080000000,0x0000000086a6c8c0,0x000000008da00000)
 Metaspace       used 82631K, capacity 86790K, committed 87128K, reserved 1124352K
  class space    used 11066K, capacity 11804K, committed 11904K, reserved 1048576K
}
Event: 93.047 GC heap before
{Heap before GC invocations=21 (full 4):
 PSYoungGen      total 356352K, used 351480K [0x00000000d5580000, 0x00000000ef180000, 0x0000000100000000)
  eden space 323584K, 100% used [0x00000000d5580000,0x00000000e9180000,0x00000000e9180000)
  from space 32768K, 85% used [0x00000000ed180000,0x00000000eecbe098,0x00000000ef180000)
  to   space 49152K, 0% used [0x00000000e9180000,0x00000000e9180000,0x00000000ec180000)
 ParOldGen       total 223232K, used 108978K [0x0000000080000000, 0x000000008da00000, 0x00000000d5580000)
  object space 223232K, 48% used [0x0000000080000000,0x0000000086a6c8c0,0x000000008da00000)
 Metaspace       used 83439K, capacity 87626K, committed 87896K, reserved 1126400K
  class space    used 11080K, capacity 11826K, committed 11904K, reserved 1048576K
Event: 93.194 GC heap after
Heap after GC invocations=21 (full 4):
 PSYoungGen      total 372736K, used 49135K [0x00000000d5580000, 0x00000000f4800000, 0x0000000100000000)
  eden space 323584K, 0% used [0x00000000d5580000,0x00000000d5580000,0x00000000e9180000)
  from space 49152K, 99% used [0x00000000e9180000,0x00000000ec17bf18,0x00000000ec180000)
  to   space 62976K, 0% used [0x00000000f0a80000,0x00000000f0a80000,0x00000000f4800000)
 ParOldGen       total 223232K, used 123868K [0x0000000080000000, 0x000000008da00000, 0x00000000d5580000)
  object space 223232K, 55% used [0x0000000080000000,0x00000000878f7138,0x000000008da00000)
 Metaspace       used 83439K, capacity 87626K, committed 87896K, reserved 1126400K
  class space    used 11080K, capacity 11826K, committed 11904K, reserved 1048576K
}
Event: 96.970 GC heap before
{Heap before GC invocations=22 (full 4):
 PSYoungGen      total 372736K, used 370529K [0x00000000d5580000, 0x00000000f4800000, 0x0000000100000000)
  eden space 323584K, 99% used [0x00000000d5580000,0x00000000e8f5c538,0x00000000e9180000)
  from space 49152K, 99% used [0x00000000e9180000,0x00000000ec17bf18,0x00000000ec180000)
  to   space 62976K, 0% used [0x00000000f0a80000,0x00000000f0a80000,0x00000000f4800000)
 ParOldGen       total 223232K, used 123868K [0x0000000080000000, 0x000000008da00000, 0x00000000d5580000)
  object space 223232K, 55% used [0x0000000080000000,0x00000000878f7138,0x000000008da00000)
 Metaspace       used 83570K, capacity 87814K, committed 88152K, reserved 1126400K
  class space    used 11083K, capacity 11832K, committed 11904K, reserved 1048576K
Event: 97.468 GC heap after
Heap after GC invocations=22 (full 4):
 PSYoungGen      total 450048K, used 26788K [0x00000000d5580000, 0x00000000f5780000, 0x0000000100000000)
  eden space 387072K, 0% used [0x00000000d5580000,0x00000000d5580000,0x00000000ecf80000)
  from space 62976K, 42% used [0x00000000f0a80000,0x00000000f24a9188,0x00000000f4800000)
  to   space 60416K, 0% used [0x00000000ecf80000,0x00000000ecf80000,0x00000000f0a80000)
 ParOldGen       total 223232K, used 165050K [0x0000000080000000, 0x000000008da00000, 0x00000000d5580000)
  object space 223232K, 73% used [0x0000000080000000,0x000000008a12eac0,0x000000008da00000)
 Metaspace       used 83570K, capacity 87814K, committed 88152K, reserved 1126400K
  class space    used 11083K, capacity 11832K, committed 11904K, reserved 1048576K
}

