# JRE version: OpenJDK Runtime Environment (8.0_242-b01) (build 1.8.0_242-release-1644-b01)
# Java VM: OpenJDK 64-Bit Server VM (25.242-b01 mixed mode windows-amd64 compressed oops)
Heap:
 PSYoungGen      total 131584K, used 13799K [0x00000000d5580000, 0x00000000e1380000, 0x0000000100000000)
  eden space 121344K, 11% used [0x00000000d5580000,0x00000000d62f9d00,0x00000000dcc00000)
  from space 10240K, 0% used [0x00000000dcc00000,0x00000000dcc00000,0x00000000dd600000)
  to   space 12288K, 0% used [0x00000000e0780000,0x00000000e0780000,0x00000000e1380000)
 ParOldGen       total 73216K, used 18264K [0x0000000080000000, 0x0000000084780000, 0x00000000d5580000)
  object space 73216K, 24% used [0x0000000080000000,0x00000000811d6308,0x0000000084780000)
 Metaspace       used 34780K, capacity 36014K, committed 36312K, reserved 1081344K
  class space    used 4776K, capacity 5052K, committed 5120K, reserved 1048576K
GC Heap History (10 events):
Event: 8.030 GC heap before
{Heap before GC invocations=7 (full 0):
 PSYoungGen      total 71168K, used 18854K [0x00000000d5580000, 0x00000000da880000, 0x0000000100000000)
  eden space 61952K, 16% used [0x00000000d5580000,0x00000000d5f3a080,0x00000000d9200000)
  from space 9216K, 96% used [0x00000000d9c80000,0x00000000da52f918,0x00000000da580000)
  to   space 10752K, 0% used [0x00000000d9200000,0x00000000d9200000,0x00000000d9c80000)
 ParOldGen       total 84992K, used 5309K [0x0000000080000000, 0x0000000085300000, 0x00000000d5580000)
  object space 84992K, 6% used [0x0000000080000000,0x000000008052f730,0x0000000085300000)
 Metaspace       used 20463K, capacity 21204K, committed 21248K, reserved 1067008K
  class space    used 2846K, capacity 3048K, committed 3072K, reserved 1048576K
Event: 8.043 GC heap after
Heap after GC invocations=7 (full 0):
 PSYoungGen      total 72704K, used 4617K [0x00000000d5580000, 0x00000000de280000, 0x0000000100000000)
  eden space 61952K, 0% used [0x00000000d5580000,0x00000000d5580000,0x00000000d9200000)
  from space 10752K, 42% used [0x00000000d9200000,0x00000000d9682598,0x00000000d9c80000)
  to   space 10240K, 0% used [0x00000000dd880000,0x00000000dd880000,0x00000000de280000)
 ParOldGen       total 84992K, used 7911K [0x0000000080000000, 0x0000000085300000, 0x00000000d5580000)
  object space 84992K, 9% used [0x0000000080000000,0x00000000807b9d90,0x0000000085300000)
 Metaspace       used 20463K, capacity 21204K, committed 21248K, reserved 1067008K
  class space    used 2846K, capacity 3048K, committed 3072K, reserved 1048576K
}
Event: 8.043 GC heap before
{Heap before GC invocations=8 (full 1):
 PSYoungGen      total 72704K, used 4617K [0x00000000d5580000, 0x00000000de280000, 0x0000000100000000)
  eden space 61952K, 0% used [0x00000000d5580000,0x00000000d5580000,0x00000000d9200000)
  from space 10752K, 42% used [0x00000000d9200000,0x00000000d9682598,0x00000000d9c80000)
  to   space 10240K, 0% used [0x00000000dd880000,0x00000000dd880000,0x00000000de280000)
 ParOldGen       total 84992K, used 7911K [0x0000000080000000, 0x0000000085300000, 0x00000000d5580000)
  object space 84992K, 9% used [0x0000000080000000,0x00000000807b9d90,0x0000000085300000)
 Metaspace       used 20463K, capacity 21204K, committed 21248K, reserved 1067008K
  class space    used 2846K, capacity 3048K, committed 3072K, reserved 1048576K
Event: 8.096 GC heap after
Heap after GC invocations=8 (full 1):
 PSYoungGen      total 72704K, used 0K [0x00000000d5580000, 0x00000000de280000, 0x0000000100000000)
  eden space 61952K, 0% used [0x00000000d5580000,0x00000000d5580000,0x00000000d9200000)
  from space 10752K, 0% used [0x00000000d9200000,0x00000000d9200000,0x00000000d9c80000)
  to   space 10240K, 0% used [0x00000000dd880000,0x00000000dd880000,0x00000000de280000)
 ParOldGen       total 47616K, used 7535K [0x0000000080000000, 0x0000000082e80000, 0x00000000d5580000)
  object space 47616K, 15% used [0x0000000080000000,0x000000008075bf78,0x0000000082e80000)
 Metaspace       used 20463K, capacity 21204K, committed 21248K, reserved 1067008K
  class space    used 2846K, capacity 3048K, committed 3072K, reserved 1048576K
}
Event: 9.091 GC heap before
{Heap before GC invocations=9 (full 1):
 PSYoungGen      total 72704K, used 61952K [0x00000000d5580000, 0x00000000de280000, 0x0000000100000000)
  eden space 61952K, 100% used [0x00000000d5580000,0x00000000d9200000,0x00000000d9200000)
  from space 10752K, 0% used [0x00000000d9200000,0x00000000d9200000,0x00000000d9c80000)
  to   space 10240K, 0% used [0x00000000dd880000,0x00000000dd880000,0x00000000de280000)
 ParOldGen       total 47616K, used 7535K [0x0000000080000000, 0x0000000082e80000, 0x00000000d5580000)
  object space 47616K, 15% used [0x0000000080000000,0x000000008075bf78,0x0000000082e80000)
 Metaspace       used 27588K, capacity 28446K, committed 28672K, reserved 1073152K
  class space    used 3791K, capacity 4035K, committed 4096K, reserved 1048576K
Event: 9.103 GC heap after
Heap after GC invocations=9 (full 1):
 PSYoungGen      total 121344K, used 7246K [0x00000000d5580000, 0x00000000de000000, 0x0000000100000000)
  eden space 113664K, 0% used [0x00000000d5580000,0x00000000d5580000,0x00000000dc480000)
  from space 7680K, 94% used [0x00000000dd880000,0x00000000ddf939d8,0x00000000de000000)
  to   space 10240K, 0% used [0x00000000dcc00000,0x00000000dcc00000,0x00000000dd600000)
 ParOldGen       total 47616K, used 7543K [0x0000000080000000, 0x0000000082e80000, 0x00000000d5580000)
  object space 47616K, 15% used [0x0000000080000000,0x000000008075df78,0x0000000082e80000)
 Metaspace       used 27588K, capacity 28446K, committed 28672K, reserved 1073152K
  class space    used 3791K, capacity 4035K, committed 4096K, reserved 1048576K
}
Event: 10.641 GC heap before
{Heap before GC invocations=10 (full 1):
 PSYoungGen      total 121344K, used 110134K [0x00000000d5580000, 0x00000000de000000, 0x0000000100000000)
  eden space 113664K, 90% used [0x00000000d5580000,0x00000000db9f9e80,0x00000000dc480000)
  from space 7680K, 94% used [0x00000000dd880000,0x00000000ddf939d8,0x00000000de000000)
  to   space 10240K, 0% used [0x00000000dcc00000,0x00000000dcc00000,0x00000000dd600000)
 ParOldGen       total 47616K, used 7543K [0x0000000080000000, 0x0000000082e80000, 0x00000000d5580000)
  object space 47616K, 15% used [0x0000000080000000,0x000000008075df78,0x0000000082e80000)
 Metaspace       used 34227K, capacity 35392K, committed 35416K, reserved 1079296K
  class space    used 4701K, capacity 4973K, committed 4992K, reserved 1048576K
Event: 10.671 GC heap after
Heap after GC invocations=10 (full 1):
 PSYoungGen      total 131584K, used 10237K [0x00000000d5580000, 0x00000000e1380000, 0x0000000100000000)
  eden space 121344K, 0% used [0x00000000d5580000,0x00000000d5580000,0x00000000dcc00000)
  from space 10240K, 99% used [0x00000000dcc00000,0x00000000dd5ff6a0,0x00000000dd600000)
  to   space 12288K, 0% used [0x00000000e0780000,0x00000000e0780000,0x00000000e1380000)
 ParOldGen       total 47616K, used 9103K [0x0000000080000000, 0x0000000082e80000, 0x00000000d5580000)
  object space 47616K, 19% used [0x0000000080000000,0x00000000808e3c70,0x0000000082e80000)
 Metaspace       used 34227K, capacity 35392K, committed 35416K, reserved 1079296K
  class space    used 4701K, capacity 4973K, committed 4992K, reserved 1048576K
}
Event: 10.671 GC heap before
{Heap before GC invocations=11 (full 2):
 PSYoungGen      total 131584K, used 10237K [0x00000000d5580000, 0x00000000e1380000, 0x0000000100000000)
  eden space 121344K, 0% used [0x00000000d5580000,0x00000000d5580000,0x00000000dcc00000)
  from space 10240K, 99% used [0x00000000dcc00000,0x00000000dd5ff6a0,0x00000000dd600000)
  to   space 12288K, 0% used [0x00000000e0780000,0x00000000e0780000,0x00000000e1380000)
 ParOldGen       total 47616K, used 9103K [0x0000000080000000, 0x0000000082e80000, 0x00000000d5580000)
  object space 47616K, 19% used [0x0000000080000000,0x00000000808e3c70,0x0000000082e80000)
 Metaspace       used 34227K, capacity 35392K, committed 35416K, reserved 1079296K
  class space    used 4701K, capacity 4973K, committed 4992K, reserved 1048576K
Event: 10.755 GC heap after
Heap after GC invocations=11 (full 2):
 PSYoungGen      total 131584K, used 0K [0x00000000d5580000, 0x00000000e1380000, 0x0000000100000000)
  eden space 121344K, 0% used [0x00000000d5580000,0x00000000d5580000,0x00000000dcc00000)
  from space 10240K, 0% used [0x00000000dcc00000,0x00000000dcc00000,0x00000000dd600000)
  to   space 12288K, 0% used [0x00000000e0780000,0x00000000e0780000,0x00000000e1380000)
 ParOldGen       total 73216K, used 18264K [0x0000000080000000, 0x0000000084780000, 0x00000000d5580000)
  object space 73216K, 24% used [0x0000000080000000,0x00000000811d6308,0x0000000084780000)
 Metaspace       used 34227K, capacity 35392K, committed 35416K, reserved 1079296K
  class space    used 4701K, capacity 4973K, committed 4992K, reserved 1048576K
}

