# JRE version: OpenJDK Runtime Environment (8.0_242-b01) (build 1.8.0_242-release-1644-b01)
# Java VM: OpenJDK 64-Bit Server VM (25.242-b01 mixed mode windows-amd64 compressed oops)
Heap:
 PSYoungGen      total 131584K, used 111920K [0x00000000d5580000, 0x00000000e1a80000, 0x0000000100000000)
  eden space 121344K, 92% used [0x00000000d5580000,0x00000000dc2cc0f0,0x00000000dcc00000)
  from space 10240K, 0% used [0x00000000dcc00000,0x00000000dcc00000,0x00000000dd600000)
  to   space 12288K, 0% used [0x00000000e0e80000,0x00000000e0e80000,0x00000000e1a80000)
 ParOldGen       total 72704K, used 18221K [0x0000000080000000, 0x0000000084700000, 0x00000000d5580000)
  object space 72704K, 25% used [0x0000000080000000,0x00000000811cb798,0x0000000084700000)
 Metaspace       used 37681K, capacity 39432K, committed 39640K, reserved 1083392K
  class space    used 5199K, capacity 5576K, committed 5632K, reserved 1048576K
GC Heap History (10 events):
Event: 9.796 GC heap before
{Heap before GC invocations=7 (full 0):
 PSYoungGen      total 71168K, used 18065K [0x00000000d5580000, 0x00000000da880000, 0x0000000100000000)
  eden space 61952K, 14% used [0x00000000d5580000,0x00000000d5e875a0,0x00000000d9200000)
  from space 9216K, 95% used [0x00000000d9c80000,0x00000000da51d168,0x00000000da580000)
  to   space 10752K, 0% used [0x00000000d9200000,0x00000000d9200000,0x00000000d9c80000)
 ParOldGen       total 84992K, used 5365K [0x0000000080000000, 0x0000000085300000, 0x00000000d5580000)
  object space 84992K, 6% used [0x0000000080000000,0x000000008053d760,0x0000000085300000)
 Metaspace       used 20465K, capacity 21204K, committed 21248K, reserved 1067008K
  class space    used 2847K, capacity 3048K, committed 3072K, reserved 1048576K
Event: 9.804 GC heap after
Heap after GC invocations=7 (full 0):
 PSYoungGen      total 72704K, used 4681K [0x00000000d5580000, 0x00000000de280000, 0x0000000100000000)
  eden space 61952K, 0% used [0x00000000d5580000,0x00000000d5580000,0x00000000d9200000)
  from space 10752K, 43% used [0x00000000d9200000,0x00000000d9692598,0x00000000d9c80000)
  to   space 10240K, 0% used [0x00000000dd880000,0x00000000dd880000,0x00000000de280000)
 ParOldGen       total 84992K, used 7907K [0x0000000080000000, 0x0000000085300000, 0x00000000d5580000)
  object space 84992K, 9% used [0x0000000080000000,0x00000000807b8dd0,0x0000000085300000)
 Metaspace       used 20465K, capacity 21204K, committed 21248K, reserved 1067008K
  class space    used 2847K, capacity 3048K, committed 3072K, reserved 1048576K
}
Event: 9.804 GC heap before
{Heap before GC invocations=8 (full 1):
 PSYoungGen      total 72704K, used 4681K [0x00000000d5580000, 0x00000000de280000, 0x0000000100000000)
  eden space 61952K, 0% used [0x00000000d5580000,0x00000000d5580000,0x00000000d9200000)
  from space 10752K, 43% used [0x00000000d9200000,0x00000000d9692598,0x00000000d9c80000)
  to   space 10240K, 0% used [0x00000000dd880000,0x00000000dd880000,0x00000000de280000)
 ParOldGen       total 84992K, used 7907K [0x0000000080000000, 0x0000000085300000, 0x00000000d5580000)
  object space 84992K, 9% used [0x0000000080000000,0x00000000807b8dd0,0x0000000085300000)
 Metaspace       used 20465K, capacity 21204K, committed 21248K, reserved 1067008K
  class space    used 2847K, capacity 3048K, committed 3072K, reserved 1048576K
Event: 9.844 GC heap after
Heap after GC invocations=8 (full 1):
 PSYoungGen      total 72704K, used 0K [0x00000000d5580000, 0x00000000de280000, 0x0000000100000000)
  eden space 61952K, 0% used [0x00000000d5580000,0x00000000d5580000,0x00000000d9200000)
  from space 10752K, 0% used [0x00000000d9200000,0x00000000d9200000,0x00000000d9c80000)
  to   space 10240K, 0% used [0x00000000dd880000,0x00000000dd880000,0x00000000de280000)
 ParOldGen       total 47104K, used 7522K [0x0000000080000000, 0x0000000082e00000, 0x00000000d5580000)
  object space 47104K, 15% used [0x0000000080000000,0x0000000080758bd0,0x0000000082e00000)
 Metaspace       used 20465K, capacity 21204K, committed 21248K, reserved 1067008K
  class space    used 2847K, capacity 3048K, committed 3072K, reserved 1048576K
}
Event: 10.779 GC heap before
{Heap before GC invocations=9 (full 1):
 PSYoungGen      total 72704K, used 61952K [0x00000000d5580000, 0x00000000de280000, 0x0000000100000000)
  eden space 61952K, 100% used [0x00000000d5580000,0x00000000d9200000,0x00000000d9200000)
  from space 10752K, 0% used [0x00000000d9200000,0x00000000d9200000,0x00000000d9c80000)
  to   space 10240K, 0% used [0x00000000dd880000,0x00000000dd880000,0x00000000de280000)
 ParOldGen       total 47104K, used 7522K [0x0000000080000000, 0x0000000082e00000, 0x00000000d5580000)
  object space 47104K, 15% used [0x0000000080000000,0x0000000080758bd0,0x0000000082e00000)
 Metaspace       used 27598K, capacity 28446K, committed 28672K, reserved 1073152K
  class space    used 3801K, capacity 4035K, committed 4096K, reserved 1048576K
Event: 10.789 GC heap after
Heap after GC invocations=9 (full 1):
 PSYoungGen      total 123392K, used 7228K [0x00000000d5580000, 0x00000000de000000, 0x0000000100000000)
  eden space 115712K, 0% used [0x00000000d5580000,0x00000000d5580000,0x00000000dc680000)
  from space 7680K, 94% used [0x00000000dd880000,0x00000000ddf8f168,0x00000000de000000)
  to   space 10240K, 0% used [0x00000000dcc00000,0x00000000dcc00000,0x00000000dd600000)
 ParOldGen       total 47104K, used 7530K [0x0000000080000000, 0x0000000082e00000, 0x00000000d5580000)
  object space 47104K, 15% used [0x0000000080000000,0x000000008075abd0,0x0000000082e00000)
 Metaspace       used 27598K, capacity 28446K, committed 28672K, reserved 1073152K
  class space    used 3801K, capacity 4035K, committed 4096K, reserved 1048576K
}
Event: 12.272 GC heap before
{Heap before GC invocations=10 (full 1):
 PSYoungGen      total 123392K, used 110114K [0x00000000d5580000, 0x00000000de000000, 0x0000000100000000)
  eden space 115712K, 88% used [0x00000000d5580000,0x00000000db9f9768,0x00000000dc680000)
  from space 7680K, 94% used [0x00000000dd880000,0x00000000ddf8f168,0x00000000de000000)
  to   space 10240K, 0% used [0x00000000dcc00000,0x00000000dcc00000,0x00000000dd600000)
 ParOldGen       total 47104K, used 7530K [0x0000000080000000, 0x0000000082e00000, 0x00000000d5580000)
  object space 47104K, 15% used [0x0000000080000000,0x000000008075abd0,0x0000000082e00000)
 Metaspace       used 34251K, capacity 35392K, committed 35416K, reserved 1079296K
  class space    used 4711K, capacity 4973K, committed 4992K, reserved 1048576K
Event: 12.337 GC heap after
Heap after GC invocations=10 (full 1):
 PSYoungGen      total 131584K, used 10239K [0x00000000d5580000, 0x00000000e1a80000, 0x0000000100000000)
  eden space 121344K, 0% used [0x00000000d5580000,0x00000000d5580000,0x00000000dcc00000)
  from space 10240K, 99% used [0x00000000dcc00000,0x00000000dd5ffcb8,0x00000000dd600000)
  to   space 12288K, 0% used [0x00000000e0e80000,0x00000000e0e80000,0x00000000e1a80000)
 ParOldGen       total 47104K, used 9071K [0x0000000080000000, 0x0000000082e00000, 0x00000000d5580000)
  object space 47104K, 19% used [0x0000000080000000,0x00000000808dbec0,0x0000000082e00000)
 Metaspace       used 34251K, capacity 35392K, committed 35416K, reserved 1079296K
  class space    used 4711K, capacity 4973K, committed 4992K, reserved 1048576K
}
Event: 12.337 GC heap before
{Heap before GC invocations=11 (full 2):
 PSYoungGen      total 131584K, used 10239K [0x00000000d5580000, 0x00000000e1a80000, 0x0000000100000000)
  eden space 121344K, 0% used [0x00000000d5580000,0x00000000d5580000,0x00000000dcc00000)
  from space 10240K, 99% used [0x00000000dcc00000,0x00000000dd5ffcb8,0x00000000dd600000)
  to   space 12288K, 0% used [0x00000000e0e80000,0x00000000e0e80000,0x00000000e1a80000)
 ParOldGen       total 47104K, used 9071K [0x0000000080000000, 0x0000000082e00000, 0x00000000d5580000)
  object space 47104K, 19% used [0x0000000080000000,0x00000000808dbec0,0x0000000082e00000)
 Metaspace       used 34251K, capacity 35392K, committed 35416K, reserved 1079296K
  class space    used 4711K, capacity 4973K, committed 4992K, reserved 1048576K
Event: 12.431 GC heap after
Heap after GC invocations=11 (full 2):
 PSYoungGen      total 131584K, used 0K [0x00000000d5580000, 0x00000000e1a80000, 0x0000000100000000)
  eden space 121344K, 0% used [0x00000000d5580000,0x00000000d5580000,0x00000000dcc00000)
  from space 10240K, 0% used [0x00000000dcc00000,0x00000000dcc00000,0x00000000dd600000)
  to   space 12288K, 0% used [0x00000000e0e80000,0x00000000e0e80000,0x00000000e1a80000)
 ParOldGen       total 72704K, used 18221K [0x0000000080000000, 0x0000000084700000, 0x00000000d5580000)
  object space 72704K, 25% used [0x0000000080000000,0x00000000811cb798,0x0000000084700000)
 Metaspace       used 34251K, capacity 35392K, committed 35416K, reserved 1079296K
  class space    used 4711K, capacity 4973K, committed 4992K, reserved 1048576K
}

